#
# There is insufficient memory for the Java Runtime Environment to continue.
# Native memory allocation (malloc) failed to allocate 32744 bytes for ChunkPool::allocate
# Possible reasons:
#   The system is out of physical RAM or swap space
#   The process is running with CompressedOops enabled, and the Java Heap may be blocking the growth of the native heap
# Possible solutions:
#   Reduce memory load on the system
#   Increase physical memory or swap space
#   Check if swap backing store is full
#   Decrease Java heap size (-Xmx/-Xms)
#   Decrease number of Java threads
#   Decrease Java thread stack sizes (-Xss)
#   Set larger code cache with -XX:ReservedCodeCacheSize=
#   JVM is running with Unscaled Compressed Oops mode in which the Java heap is
#     placed in the first 4GB address space. The Java Heap base address is the
#     maximum limit for the native heap growth. Please use -XX:HeapBaseMinAddress
#     to set the Java Heap base and to place the Java Heap above 4GB virtual address.
# This output file may be truncated or incomplete.
#
#  Out of Memory Error (arena.cpp:81), pid=13936, tid=268
#
# JRE version: OpenJDK Runtime Environment Corretto-11.0.19.7.1 (11.0.19+7) (build 11.0.19+7-LTS)
# Java VM: OpenJDK 64-Bit Server VM Corretto-11.0.19.7.1 (11.0.19+7-LTS, mixed mode, tiered, compressed oops, g1 gc, windows-amd64)
# No core dump will be written. Minidumps are not enabled by default on client versions of Windows
#

---------------  S U M M A R Y ------------

Command Line: -Dmaven.multiModuleProjectDirectory=C:\Users\admin\dev\java-explore-with-me -Djansi.passthrough=true -Dmaven.home=C:\Program Files\JetBrains\IntelliJ IDEA Community Edition 2023.1.3\plugins\maven\lib\maven3 -Dclassworlds.conf=C:\Program Files\JetBrains\IntelliJ IDEA Community Edition 2023.1.3\plugins\maven\lib\maven3\bin\m2.conf -Dmaven.ext.class.path=C:\Program Files\JetBrains\IntelliJ IDEA Community Edition 2023.1.3\plugins\maven\lib\maven-event-listener.jar -javaagent:C:\Program Files\JetBrains\IntelliJ IDEA Community Edition 2023.1.3\lib\idea_rt.jar=55532:C:\Program Files\JetBrains\IntelliJ IDEA Community Edition 2023.1.3\bin -Dfile.encoding=UTF-8 org.codehaus.classworlds.Launcher -Didea.version=2023.1.3 --offline clean package

Host: Intel(R) Pentium(R) Gold G6400 CPU @ 4.00GHz, 4 cores, 7G,  Windows 10 , 64 bit Build 19041 (10.0.19041.3155)
Time: Fri Aug  4 11:47:32 2023 RTZ 3 (s 10 , 64 bit Build 19041 (10.0.19041.3155) elapsed time: 7.281832 seconds (0d 0h 0m 7s)

---------------  T H R E A D  ---------------

Current thread (0x0000021140a3b800):  JavaThread "C2 CompilerThread0" daemon [_thread_in_native, id=268, stack(0x00000074b7500000,0x00000074b7600000)]


Current CompileTask:
C2:   7281 6254       4       org.codehaus.plexus.classworlds.realm.ClassRealm::loadClass (7 bytes)

Stack: [0x00000074b7500000,0x00000074b7600000]
Native frames: (J=compiled Java code, j=interpreted, Vv=VM code, C=native code)
V  [jvm.dll+0x6235aa]
V  [jvm.dll+0x7b0f89]
V  [jvm.dll+0x7b2678]
V  [jvm.dll+0x7b2d53]
V  [jvm.dll+0x24fe38]
V  [jvm.dll+0xc28ab]
V  [jvm.dll+0xc2c0c]
V  [jvm.dll+0x3623a8]
V  [jvm.dll+0x361851]
V  [jvm.dll+0x361894]
V  [jvm.dll+0x35b174]
V  [jvm.dll+0x19ed2e]
V  [jvm.dll+0x209395]
V  [jvm.dll+0x20840d]
V  [jvm.dll+0x18a3c1]
V  [jvm.dll+0x217ab4]
V  [jvm.dll+0x215cfb]
V  [jvm.dll+0x773a90]
V  [jvm.dll+0x76c9c4]
V  [jvm.dll+0x622415]
C  [ucrtbase.dll+0x21bb2]
C  [KERNEL32.DLL+0x17614]
C  [ntdll.dll+0x526b1]


---------------  P R O C E S S  ---------------

Threads class SMR info:
_java_thread_list=0x0000021145822420, length=12, elements={
0x00000211202fb000, 0x0000021140a18800, 0x0000021140a22000, 0x0000021140a33800,
0x0000021140a34000, 0x0000021140a37800, 0x0000021140a3b800, 0x0000021140a4a000,
0x0000021140a4c000, 0x00000211409ad000, 0x0000021141775800, 0x0000021141f14000
}

Java Threads: ( => current thread )
  0x00000211202fb000 JavaThread "main" [_thread_in_native, id=16208, stack(0x00000074b6900000,0x00000074b6a00000)]
  0x0000021140a18800 JavaThread "Reference Handler" daemon [_thread_blocked, id=3864, stack(0x00000074b7000000,0x00000074b7100000)]
  0x0000021140a22000 JavaThread "Finalizer" daemon [_thread_blocked, id=15052, stack(0x00000074b7100000,0x00000074b7200000)]
  0x0000021140a33800 JavaThread "Signal Dispatcher" daemon [_thread_blocked, id=1340, stack(0x00000074b7200000,0x00000074b7300000)]
  0x0000021140a34000 JavaThread "Attach Listener" daemon [_thread_blocked, id=12500, stack(0x00000074b7300000,0x00000074b7400000)]
  0x0000021140a37800 JavaThread "Service Thread" daemon [_thread_blocked, id=6008, stack(0x00000074b7400000,0x00000074b7500000)]
=>0x0000021140a3b800 JavaThread "C2 CompilerThread0" daemon [_thread_in_native, id=268, stack(0x00000074b7500000,0x00000074b7600000)]
  0x0000021140a4a000 JavaThread "C1 CompilerThread0" daemon [_thread_blocked, id=5560, stack(0x00000074b7600000,0x00000074b7700000)]
  0x0000021140a4c000 JavaThread "Sweeper thread" daemon [_thread_blocked, id=7664, stack(0x00000074b7700000,0x00000074b7800000)]
  0x00000211409ad000 JavaThread "Common-Cleaner" daemon [_thread_blocked, id=11928, stack(0x00000074b7800000,0x00000074b7900000)]
  0x0000021141775800 JavaThread "Monitor Ctrl-Break" daemon [_thread_in_native, id=12236, stack(0x00000074b7a00000,0x00000074b7b00000)]
  0x0000021141f14000 JavaThread "C2 CompilerThread1" daemon [_thread_in_native, id=2776, stack(0x00000074b7d00000,0x00000074b7e00000)]

Other Threads:
  0x0000021140a15800 VMThread "VM Thread" [stack: 0x00000074b6f00000,0x00000074b7000000] [id=7648]
  0x0000021141776800 WatcherThread [stack: 0x00000074b7b00000,0x00000074b7c00000] [id=9848]
  0x0000021120313800 GCTaskThread "GC Thread#0" [stack: 0x00000074b6a00000,0x00000074b6b00000] [id=9628]
  0x0000021141bc1000 GCTaskThread "GC Thread#1" [stack: 0x00000074b7900000,0x00000074b7a00000] [id=14096]
  0x0000021141bc5800 GCTaskThread "GC Thread#2" [stack: 0x00000074b7c00000,0x00000074b7d00000] [id=12640]
  0x0000021120344800 ConcurrentGCThread "G1 Main Marker" [stack: 0x00000074b6b00000,0x00000074b6c00000] [id=6544]
  0x0000021120346000 ConcurrentGCThread "G1 Conc#0" [stack: 0x00000074b6c00000,0x00000074b6d00000] [id=15884]
  0x00000211203d8800 ConcurrentGCThread "G1 Refine#0" [stack: 0x00000074b6d00000,0x00000074b6e00000] [id=7292]
  0x0000021144762000 ConcurrentGCThread "G1 Refine#1" [stack: 0x00000074b7e00000,0x00000074b7f00000] [id=11688]
  0x0000021143368000 ConcurrentGCThread "G1 Refine#2" [stack: 0x00000074b7f00000,0x00000074b8000000] [id=14236]
  0x00000211203d9800 ConcurrentGCThread "G1 Young RemSet Sampling" [stack: 0x00000074b6e00000,0x00000074b6f00000] [id=3648]

Threads with active compile tasks:
C2 CompilerThread0     7367 6254       4       org.codehaus.plexus.classworlds.realm.ClassRealm::loadClass (7 bytes)
C2 CompilerThread1     7367 6266 %     4       java.util.zip.ZipFile$Source::initCEN @ 228 (697 bytes)

VM state:not at safepoint (normal execution)

VM Mutex/Monitor currently owned by a thread: None

Heap address: 0x0000000081600000, size: 2026 MB, Compressed Oops mode: 32-bit
Narrow klass base: 0x0000000000000000, Narrow klass shift: 3
Compressed class space size: 1073741824 Address: 0x0000000100000000

Heap:
 garbage-first heap   total 164864K, used 84172K [0x0000000081600000, 0x0000000100000000)
  region size 1024K, 36 young (36864K), 6 survivors (6144K)
 Metaspace       used 38646K, capacity 39638K, committed 39808K, reserved 1085440K
  class space    used 4059K, capacity 4379K, committed 4480K, reserved 1048576K
Heap Regions: E=young(eden), S=young(survivor), O=old, HS=humongous(starts), HC=humongous(continues), CS=collection set, F=free, A=archive, TAMS=top-at-mark-start (previous, next)
|   0|0x0000000081600000, 0x0000000081700000, 0x0000000081700000|100%| O|  |TAMS 0x0000000081700000, 0x0000000081600000| Untracked 
|   1|0x0000000081700000, 0x0000000081800000, 0x0000000081800000|100%| O|  |TAMS 0x0000000081800000, 0x0000000081700000| Untracked 
|   2|0x0000000081800000, 0x0000000081900000, 0x0000000081900000|100%| O|  |TAMS 0x0000000081900000, 0x0000000081800000| Untracked 
|   3|0x0000000081900000, 0x0000000081a00000, 0x0000000081a00000|100%| O|  |TAMS 0x0000000081a00000, 0x0000000081900000| Untracked 
|   4|0x0000000081a00000, 0x0000000081b00000, 0x0000000081b00000|100%| O|  |TAMS 0x0000000081b00000, 0x0000000081a00000| Untracked 
|   5|0x0000000081b00000, 0x0000000081c00000, 0x0000000081c00000|100%| O|  |TAMS 0x0000000081c00000, 0x0000000081b00000| Untracked 
|   6|0x0000000081c00000, 0x0000000081d00000, 0x0000000081d00000|100%| O|  |TAMS 0x0000000081d00000, 0x0000000081c00000| Untracked 
|   7|0x0000000081d00000, 0x0000000081e00000, 0x0000000081e00000|100%| O|  |TAMS 0x0000000081e00000, 0x0000000081d00000| Untracked 
|   8|0x0000000081e00000, 0x0000000081f00000, 0x0000000081f00000|100%| O|  |TAMS 0x0000000081f00000, 0x0000000081e00000| Untracked 
|   9|0x0000000081f00000, 0x0000000082000000, 0x0000000082000000|100%| O|  |TAMS 0x0000000082000000, 0x0000000081f00000| Untracked 
|  10|0x0000000082000000, 0x0000000082100000, 0x0000000082100000|100%| O|  |TAMS 0x0000000082100000, 0x0000000082000000| Untracked 
|  11|0x0000000082100000, 0x0000000082200000, 0x0000000082200000|100%| O|  |TAMS 0x0000000082200000, 0x0000000082100000| Untracked 
|  12|0x0000000082200000, 0x0000000082300000, 0x0000000082300000|100%| O|  |TAMS 0x0000000082300000, 0x0000000082200000| Untracked 
|  13|0x0000000082300000, 0x0000000082400000, 0x0000000082400000|100%| O|  |TAMS 0x0000000082400000, 0x0000000082300000| Untracked 
|  14|0x0000000082400000, 0x0000000082500000, 0x0000000082500000|100%| O|  |TAMS 0x0000000082500000, 0x0000000082400000| Untracked 
|  15|0x0000000082500000, 0x0000000082600000, 0x0000000082600000|100%| O|  |TAMS 0x0000000082600000, 0x0000000082500000| Untracked 
|  16|0x0000000082600000, 0x0000000082700000, 0x0000000082700000|100%| O|  |TAMS 0x0000000082700000, 0x0000000082600000| Untracked 
|  17|0x0000000082700000, 0x0000000082800000, 0x0000000082800000|100%| O|  |TAMS 0x0000000082800000, 0x0000000082700000| Untracked 
|  18|0x0000000082800000, 0x0000000082900000, 0x0000000082900000|100%| O|  |TAMS 0x0000000082900000, 0x0000000082800000| Untracked 
|  19|0x0000000082900000, 0x0000000082a00000, 0x0000000082a00000|100%| O|  |TAMS 0x0000000082a00000, 0x0000000082900000| Untracked 
|  20|0x0000000082a00000, 0x0000000082b00000, 0x0000000082b00000|100%| O|  |TAMS 0x0000000082b00000, 0x0000000082a00000| Untracked 
|  21|0x0000000082b00000, 0x0000000082c00000, 0x0000000082c00000|100%| O|  |TAMS 0x0000000082c00000, 0x0000000082b00000| Untracked 
|  22|0x0000000082c00000, 0x0000000082d00000, 0x0000000082d00000|100%| O|  |TAMS 0x0000000082d00000, 0x0000000082c00000| Untracked 
|  23|0x0000000082d00000, 0x0000000082e00000, 0x0000000082e00000|100%| O|  |TAMS 0x0000000082e00000, 0x0000000082d00000| Untracked 
|  24|0x0000000082e00000, 0x0000000082f00000, 0x0000000082f00000|100%|HS|  |TAMS 0x0000000082e00000, 0x0000000082e00000| Complete 
|  25|0x0000000082f00000, 0x0000000083000000, 0x0000000083000000|100%|HC|  |TAMS 0x0000000082f00000, 0x0000000082f00000| Complete 
|  26|0x0000000083000000, 0x0000000083100000, 0x0000000083100000|100%|HC|  |TAMS 0x0000000083000000, 0x0000000083000000| Complete 
|  27|0x0000000083100000, 0x0000000083200000, 0x0000000083200000|100%|HS|  |TAMS 0x0000000083100000, 0x0000000083100000| Complete 
|  28|0x0000000083200000, 0x0000000083300000, 0x0000000083300000|100%|HC|  |TAMS 0x0000000083200000, 0x0000000083200000| Complete 
|  29|0x0000000083300000, 0x0000000083400000, 0x0000000083400000|100%|HC|  |TAMS 0x0000000083300000, 0x0000000083300000| Complete 
|  30|0x0000000083400000, 0x0000000083500000, 0x0000000083500000|100%|HS|  |TAMS 0x0000000083400000, 0x0000000083400000| Complete 
|  31|0x0000000083500000, 0x0000000083600000, 0x0000000083600000|100%|HC|  |TAMS 0x0000000083500000, 0x0000000083500000| Complete 
|  32|0x0000000083600000, 0x0000000083700000, 0x0000000083700000|100%|HC|  |TAMS 0x0000000083600000, 0x0000000083600000| Complete 
|  33|0x0000000083700000, 0x0000000083800000, 0x0000000083800000|100%|HS|  |TAMS 0x0000000083700000, 0x0000000083700000| Complete 
|  34|0x0000000083800000, 0x0000000083900000, 0x0000000083900000|100%|HC|  |TAMS 0x0000000083800000, 0x0000000083800000| Complete 
|  35|0x0000000083900000, 0x0000000083a00000, 0x0000000083a00000|100%|HC|  |TAMS 0x0000000083900000, 0x0000000083900000| Complete 
|  36|0x0000000083a00000, 0x0000000083b00000, 0x0000000083b00000|100%|HS|  |TAMS 0x0000000083a00000, 0x0000000083a00000| Complete 
|  37|0x0000000083b00000, 0x0000000083c00000, 0x0000000083c00000|100%|HC|  |TAMS 0x0000000083b00000, 0x0000000083b00000| Complete 
|  38|0x0000000083c00000, 0x0000000083d00000, 0x0000000083d00000|100%|HC|  |TAMS 0x0000000083c00000, 0x0000000083c00000| Complete 
|  39|0x0000000083d00000, 0x0000000083e00000, 0x0000000083e00000|100%|HS|  |TAMS 0x0000000083d00000, 0x0000000083d00000| Complete 
|  40|0x0000000083e00000, 0x0000000083f00000, 0x0000000083f00000|100%|HC|  |TAMS 0x0000000083e00000, 0x0000000083e00000| Complete 
|  41|0x0000000083f00000, 0x0000000084000000, 0x0000000084000000|100%|HC|  |TAMS 0x0000000083f00000, 0x0000000083f00000| Complete 
|  42|0x0000000084000000, 0x0000000084100000, 0x0000000084100000|100%|HS|  |TAMS 0x0000000084000000, 0x0000000084000000| Complete 
|  43|0x0000000084100000, 0x0000000084200000, 0x0000000084200000|100%|HC|  |TAMS 0x0000000084100000, 0x0000000084100000| Complete 
|  44|0x0000000084200000, 0x0000000084300000, 0x0000000084300000|100%|HC|  |TAMS 0x0000000084200000, 0x0000000084200000| Complete 
|  45|0x0000000084300000, 0x0000000084400000, 0x0000000084400000|100%|HS|  |TAMS 0x0000000084300000, 0x0000000084300000| Complete 
|  46|0x0000000084400000, 0x0000000084500000, 0x0000000084500000|100%|HC|  |TAMS 0x0000000084400000, 0x0000000084400000| Complete 
|  47|0x0000000084500000, 0x0000000084600000, 0x0000000084600000|100%|HC|  |TAMS 0x0000000084500000, 0x0000000084500000| Complete 
|  48|0x0000000084600000, 0x0000000084600000, 0x0000000084700000|  0%| F|  |TAMS 0x0000000084600000, 0x0000000084600000| Untracked 
|  49|0x0000000084700000, 0x0000000084700000, 0x0000000084800000|  0%| F|  |TAMS 0x0000000084700000, 0x0000000084700000| Untracked 
|  50|0x0000000084800000, 0x0000000084800000, 0x0000000084900000|  0%| F|  |TAMS 0x0000000084800000, 0x0000000084800000| Untracked 
|  51|0x0000000084900000, 0x0000000084900000, 0x0000000084a00000|  0%| F|  |TAMS 0x0000000084900000, 0x0000000084900000| Untracked 
|  52|0x0000000084a00000, 0x0000000084a00000, 0x0000000084b00000|  0%| F|  |TAMS 0x0000000084a00000, 0x0000000084a00000| Untracked 
|  53|0x0000000084b00000, 0x0000000084b00000, 0x0000000084c00000|  0%| F|  |TAMS 0x0000000084b00000, 0x0000000084b00000| Untracked 
|  54|0x0000000084c00000, 0x0000000084c33148, 0x0000000084d00000| 19%| S|CS|TAMS 0x0000000084c00000, 0x0000000084c00000| Complete 
|  55|0x0000000084d00000, 0x0000000084e00000, 0x0000000084e00000|100%| S|CS|TAMS 0x0000000084d00000, 0x0000000084d00000| Complete 
|  56|0x0000000084e00000, 0x0000000084f00000, 0x0000000084f00000|100%| S|CS|TAMS 0x0000000084e00000, 0x0000000084e00000| Complete 
|  57|0x0000000084f00000, 0x0000000085000000, 0x0000000085000000|100%| S|CS|TAMS 0x0000000084f00000, 0x0000000084f00000| Complete 
|  58|0x0000000085000000, 0x0000000085100000, 0x0000000085100000|100%| S|CS|TAMS 0x0000000085000000, 0x0000000085000000| Complete 
|  59|0x0000000085100000, 0x0000000085200000, 0x0000000085200000|100%| S|CS|TAMS 0x0000000085100000, 0x0000000085100000| Complete 
|  60|0x0000000085200000, 0x0000000085200000, 0x0000000085300000|  0%| F|  |TAMS 0x0000000085200000, 0x0000000085200000| Untracked 
|  61|0x0000000085300000, 0x0000000085300000, 0x0000000085400000|  0%| F|  |TAMS 0x0000000085300000, 0x0000000085300000| Untracked 
|  62|0x0000000085400000, 0x0000000085400000, 0x0000000085500000|  0%| F|  |TAMS 0x0000000085400000, 0x0000000085400000| Untracked 
|  63|0x0000000085500000, 0x0000000085500000, 0x0000000085600000|  0%| F|  |TAMS 0x0000000085500000, 0x0000000085500000| Untracked 
|  64|0x0000000085600000, 0x0000000085600000, 0x0000000085700000|  0%| F|  |TAMS 0x0000000085600000, 0x0000000085600000| Untracked 
|  65|0x0000000085700000, 0x0000000085700000, 0x0000000085800000|  0%| F|  |TAMS 0x0000000085700000, 0x0000000085700000| Untracked 
|  66|0x0000000085800000, 0x0000000085800000, 0x0000000085900000|  0%| F|  |TAMS 0x0000000085800000, 0x0000000085800000| Untracked 
|  67|0x0000000085900000, 0x0000000085900000, 0x0000000085a00000|  0%| F|  |TAMS 0x0000000085900000, 0x0000000085900000| Untracked 
|  68|0x0000000085a00000, 0x0000000085a00000, 0x0000000085b00000|  0%| F|  |TAMS 0x0000000085a00000, 0x0000000085a00000| Untracked 
|  69|0x0000000085b00000, 0x0000000085b00000, 0x0000000085c00000|  0%| F|  |TAMS 0x0000000085b00000, 0x0000000085b00000| Untracked 
|  70|0x0000000085c00000, 0x0000000085c00000, 0x0000000085d00000|  0%| F|  |TAMS 0x0000000085c00000, 0x0000000085c00000| Untracked 
|  71|0x0000000085d00000, 0x0000000085d00000, 0x0000000085e00000|  0%| F|  |TAMS 0x0000000085d00000, 0x0000000085d00000| Untracked 
|  72|0x0000000085e00000, 0x0000000085e00000, 0x0000000085f00000|  0%| F|  |TAMS 0x0000000085e00000, 0x0000000085e00000| Untracked 
|  73|0x0000000085f00000, 0x0000000085f00000, 0x0000000086000000|  0%| F|  |TAMS 0x0000000085f00000, 0x0000000085f00000| Untracked 
|  74|0x0000000086000000, 0x0000000086000000, 0x0000000086100000|  0%| F|  |TAMS 0x0000000086000000, 0x0000000086000000| Untracked 
|  75|0x0000000086100000, 0x0000000086100000, 0x0000000086200000|  0%| F|  |TAMS 0x0000000086100000, 0x0000000086100000| Untracked 
|  76|0x0000000086200000, 0x0000000086200000, 0x0000000086300000|  0%| F|  |TAMS 0x0000000086200000, 0x0000000086200000| Untracked 
|  77|0x0000000086300000, 0x0000000086300000, 0x0000000086400000|  0%| F|  |TAMS 0x0000000086300000, 0x0000000086300000| Untracked 
|  78|0x0000000086400000, 0x0000000086400000, 0x0000000086500000|  0%| F|  |TAMS 0x0000000086400000, 0x0000000086400000| Untracked 
|  79|0x0000000086500000, 0x0000000086500000, 0x0000000086600000|  0%| F|  |TAMS 0x0000000086500000, 0x0000000086500000| Untracked 
|  80|0x0000000086600000, 0x0000000086600000, 0x0000000086700000|  0%| F|  |TAMS 0x0000000086600000, 0x0000000086600000| Untracked 
|  81|0x0000000086700000, 0x0000000086700000, 0x0000000086800000|  0%| F|  |TAMS 0x0000000086700000, 0x0000000086700000| Untracked 
|  82|0x0000000086800000, 0x0000000086800000, 0x0000000086900000|  0%| F|  |TAMS 0x0000000086800000, 0x0000000086800000| Untracked 
|  83|0x0000000086900000, 0x0000000086900000, 0x0000000086a00000|  0%| F|  |TAMS 0x0000000086900000, 0x0000000086900000| Untracked 
|  84|0x0000000086a00000, 0x0000000086a00000, 0x0000000086b00000|  0%| F|  |TAMS 0x0000000086a00000, 0x0000000086a00000| Untracked 
|  85|0x0000000086b00000, 0x0000000086b00000, 0x0000000086c00000|  0%| F|  |TAMS 0x0000000086b00000, 0x0000000086b00000| Untracked 
|  86|0x0000000086c00000, 0x0000000086c00000, 0x0000000086d00000|  0%| F|  |TAMS 0x0000000086c00000, 0x0000000086c00000| Untracked 
|  87|0x0000000086d00000, 0x0000000086d00000, 0x0000000086e00000|  0%| F|  |TAMS 0x0000000086d00000, 0x0000000086d00000| Untracked 
|  88|0x0000000086e00000, 0x0000000086e00000, 0x0000000086f00000|  0%| F|  |TAMS 0x0000000086e00000, 0x0000000086e00000| Untracked 
|  89|0x0000000086f00000, 0x0000000086f00000, 0x0000000087000000|  0%| F|  |TAMS 0x0000000086f00000, 0x0000000086f00000| Untracked 
|  90|0x0000000087000000, 0x0000000087000000, 0x0000000087100000|  0%| F|  |TAMS 0x0000000087000000, 0x0000000087000000| Untracked 
|  91|0x0000000087100000, 0x0000000087100000, 0x0000000087200000|  0%| F|  |TAMS 0x0000000087100000, 0x0000000087100000| Untracked 
|  92|0x0000000087200000, 0x0000000087200000, 0x0000000087300000|  0%| F|  |TAMS 0x0000000087200000, 0x0000000087200000| Untracked 
|  93|0x0000000087300000, 0x0000000087300000, 0x0000000087400000|  0%| F|  |TAMS 0x0000000087300000, 0x0000000087300000| Untracked 
|  94|0x0000000087400000, 0x0000000087400000, 0x0000000087500000|  0%| F|  |TAMS 0x0000000087400000, 0x0000000087400000| Untracked 
|  95|0x0000000087500000, 0x0000000087500000, 0x0000000087600000|  0%| F|  |TAMS 0x0000000087500000, 0x0000000087500000| Untracked 
|  96|0x0000000087600000, 0x0000000087600000, 0x0000000087700000|  0%| F|  |TAMS 0x0000000087600000, 0x0000000087600000| Untracked 
|  97|0x0000000087700000, 0x0000000087700000, 0x0000000087800000|  0%| F|  |TAMS 0x0000000087700000, 0x0000000087700000| Untracked 
|  98|0x0000000087800000, 0x0000000087800000, 0x0000000087900000|  0%| F|  |TAMS 0x0000000087800000, 0x0000000087800000| Untracked 
|  99|0x0000000087900000, 0x0000000087900000, 0x0000000087a00000|  0%| F|  |TAMS 0x0000000087900000, 0x0000000087900000| Untracked 
| 100|0x0000000087a00000, 0x0000000087a00000, 0x0000000087b00000|  0%| F|  |TAMS 0x0000000087a00000, 0x0000000087a00000| Untracked 
| 101|0x0000000087b00000, 0x0000000087b00000, 0x0000000087c00000|  0%| F|  |TAMS 0x0000000087b00000, 0x0000000087b00000| Untracked 
| 102|0x0000000087c00000, 0x0000000087c00000, 0x0000000087d00000|  0%| F|  |TAMS 0x0000000087c00000, 0x0000000087c00000| Untracked 
| 103|0x0000000087d00000, 0x0000000087d00000, 0x0000000087e00000|  0%| F|  |TAMS 0x0000000087d00000, 0x0000000087d00000| Untracked 
| 104|0x0000000087e00000, 0x0000000087e00000, 0x0000000087f00000|  0%| F|  |TAMS 0x0000000087e00000, 0x0000000087e00000| Untracked 
| 105|0x0000000087f00000, 0x0000000087f00000, 0x0000000088000000|  0%| F|  |TAMS 0x0000000087f00000, 0x0000000087f00000| Untracked 
| 106|0x0000000088000000, 0x0000000088000000, 0x0000000088100000|  0%| F|  |TAMS 0x0000000088000000, 0x0000000088000000| Untracked 
| 107|0x0000000088100000, 0x0000000088100000, 0x0000000088200000|  0%| F|  |TAMS 0x0000000088100000, 0x0000000088100000| Untracked 
| 108|0x0000000088200000, 0x0000000088200000, 0x0000000088300000|  0%| F|  |TAMS 0x0000000088200000, 0x0000000088200000| Untracked 
| 109|0x0000000088300000, 0x0000000088300000, 0x0000000088400000|  0%| F|  |TAMS 0x0000000088300000, 0x0000000088300000| Untracked 
| 110|0x0000000088400000, 0x0000000088400000, 0x0000000088500000|  0%| F|  |TAMS 0x0000000088400000, 0x0000000088400000| Untracked 
| 111|0x0000000088500000, 0x0000000088500000, 0x0000000088600000|  0%| F|  |TAMS 0x0000000088500000, 0x0000000088500000| Untracked 
| 112|0x0000000088600000, 0x0000000088600000, 0x0000000088700000|  0%| F|  |TAMS 0x0000000088600000, 0x0000000088600000| Untracked 
| 113|0x0000000088700000, 0x0000000088700000, 0x0000000088800000|  0%| F|  |TAMS 0x0000000088700000, 0x0000000088700000| Untracked 
| 114|0x0000000088800000, 0x0000000088800000, 0x0000000088900000|  0%| F|  |TAMS 0x0000000088800000, 0x0000000088800000| Untracked 
| 115|0x0000000088900000, 0x0000000088900000, 0x0000000088a00000|  0%| F|  |TAMS 0x0000000088900000, 0x0000000088900000| Untracked 
| 116|0x0000000088a00000, 0x0000000088a00000, 0x0000000088b00000|  0%| F|  |TAMS 0x0000000088a00000, 0x0000000088a00000| Untracked 
| 117|0x0000000088b00000, 0x0000000088b00000, 0x0000000088c00000|  0%| F|  |TAMS 0x0000000088b00000, 0x0000000088b00000| Untracked 
| 118|0x0000000088c00000, 0x0000000088c00000, 0x0000000088d00000|  0%| F|  |TAMS 0x0000000088c00000, 0x0000000088c00000| Untracked 
| 119|0x0000000088d00000, 0x0000000088d00000, 0x0000000088e00000|  0%| F|  |TAMS 0x0000000088d00000, 0x0000000088d00000| Untracked 
| 120|0x0000000088e00000, 0x0000000088e00000, 0x0000000088f00000|  0%| F|  |TAMS 0x0000000088e00000, 0x0000000088e00000| Untracked 
| 121|0x0000000088f00000, 0x0000000088f00000, 0x0000000089000000|  0%| F|  |TAMS 0x0000000088f00000, 0x0000000088f00000| Untracked 
| 122|0x0000000089000000, 0x0000000089000000, 0x0000000089100000|  0%| F|  |TAMS 0x0000000089000000, 0x0000000089000000| Untracked 
| 123|0x0000000089100000, 0x0000000089100000, 0x0000000089200000|  0%| F|  |TAMS 0x0000000089100000, 0x0000000089100000| Untracked 
| 124|0x0000000089200000, 0x0000000089200000, 0x0000000089300000|  0%| F|  |TAMS 0x0000000089200000, 0x0000000089200000| Untracked 
| 125|0x0000000089300000, 0x0000000089300000, 0x0000000089400000|  0%| F|  |TAMS 0x0000000089300000, 0x0000000089300000| Untracked 
| 126|0x0000000089400000, 0x0000000089400000, 0x0000000089500000|  0%| F|  |TAMS 0x0000000089400000, 0x0000000089400000| Untracked 
| 127|0x0000000089500000, 0x0000000089500000, 0x0000000089600000|  0%| F|  |TAMS 0x0000000089500000, 0x0000000089500000| Untracked 
| 128|0x0000000089600000, 0x0000000089600000, 0x0000000089700000|  0%| F|  |TAMS 0x0000000089600000, 0x0000000089600000| Untracked 
| 129|0x0000000089700000, 0x0000000089700000, 0x0000000089800000|  0%| F|  |TAMS 0x0000000089700000, 0x0000000089700000| Untracked 
| 130|0x0000000089800000, 0x0000000089800000, 0x0000000089900000|  0%| F|  |TAMS 0x0000000089800000, 0x0000000089800000| Untracked 
| 131|0x0000000089900000, 0x0000000089983158, 0x0000000089a00000| 51%| E|  |TAMS 0x0000000089900000, 0x0000000089900000| Complete 
| 132|0x0000000089a00000, 0x0000000089b00000, 0x0000000089b00000|100%| E|CS|TAMS 0x0000000089a00000, 0x0000000089a00000| Complete 
| 133|0x0000000089b00000, 0x0000000089c00000, 0x0000000089c00000|100%| E|CS|TAMS 0x0000000089b00000, 0x0000000089b00000| Complete 
| 134|0x0000000089c00000, 0x0000000089d00000, 0x0000000089d00000|100%| E|CS|TAMS 0x0000000089c00000, 0x0000000089c00000| Complete 
| 135|0x0000000089d00000, 0x0000000089e00000, 0x0000000089e00000|100%| E|CS|TAMS 0x0000000089d00000, 0x0000000089d00000| Complete 
| 136|0x0000000089e00000, 0x0000000089f00000, 0x0000000089f00000|100%| E|CS|TAMS 0x0000000089e00000, 0x0000000089e00000| Complete 
| 137|0x0000000089f00000, 0x000000008a000000, 0x000000008a000000|100%| E|CS|TAMS 0x0000000089f00000, 0x0000000089f00000| Complete 
| 138|0x000000008a000000, 0x000000008a100000, 0x000000008a100000|100%| E|CS|TAMS 0x000000008a000000, 0x000000008a000000| Complete 
| 139|0x000000008a100000, 0x000000008a200000, 0x000000008a200000|100%| E|CS|TAMS 0x000000008a100000, 0x000000008a100000| Complete 
| 140|0x000000008a200000, 0x000000008a300000, 0x000000008a300000|100%| E|CS|TAMS 0x000000008a200000, 0x000000008a200000| Complete 
| 141|0x000000008a300000, 0x000000008a400000, 0x000000008a400000|100%| E|CS|TAMS 0x000000008a300000, 0x000000008a300000| Complete 
| 142|0x000000008a400000, 0x000000008a500000, 0x000000008a500000|100%| E|CS|TAMS 0x000000008a400000, 0x000000008a400000| Complete 
| 143|0x000000008a500000, 0x000000008a600000, 0x000000008a600000|100%| E|CS|TAMS 0x000000008a500000, 0x000000008a500000| Complete 
| 144|0x000000008a600000, 0x000000008a700000, 0x000000008a700000|100%| E|CS|TAMS 0x000000008a600000, 0x000000008a600000| Complete 
| 145|0x000000008a700000, 0x000000008a800000, 0x000000008a800000|100%| E|CS|TAMS 0x000000008a700000, 0x000000008a700000| Complete 
| 146|0x000000008a800000, 0x000000008a900000, 0x000000008a900000|100%| E|CS|TAMS 0x000000008a800000, 0x000000008a800000| Complete 
| 147|0x000000008a900000, 0x000000008aa00000, 0x000000008aa00000|100%| E|CS|TAMS 0x000000008a900000, 0x000000008a900000| Complete 
| 148|0x000000008aa00000, 0x000000008ab00000, 0x000000008ab00000|100%| E|CS|TAMS 0x000000008aa00000, 0x000000008aa00000| Complete 
| 149|0x000000008ab00000, 0x000000008ac00000, 0x000000008ac00000|100%| E|CS|TAMS 0x000000008ab00000, 0x000000008ab00000| Complete 
| 150|0x000000008ac00000, 0x000000008ad00000, 0x000000008ad00000|100%| E|CS|TAMS 0x000000008ac00000, 0x000000008ac00000| Complete 
| 151|0x000000008ad00000, 0x000000008ae00000, 0x000000008ae00000|100%| E|CS|TAMS 0x000000008ad00000, 0x000000008ad00000| Complete 
| 152|0x000000008ae00000, 0x000000008af00000, 0x000000008af00000|100%| E|CS|TAMS 0x000000008ae00000, 0x000000008ae00000| Complete 
| 153|0x000000008af00000, 0x000000008b000000, 0x000000008b000000|100%| E|CS|TAMS 0x000000008af00000, 0x000000008af00000| Complete 
| 154|0x000000008b000000, 0x000000008b100000, 0x000000008b100000|100%| E|CS|TAMS 0x000000008b000000, 0x000000008b000000| Complete 
| 155|0x000000008b100000, 0x000000008b200000, 0x000000008b200000|100%| E|CS|TAMS 0x000000008b100000, 0x000000008b100000| Complete 
| 156|0x000000008b200000, 0x000000008b300000, 0x000000008b300000|100%| E|CS|TAMS 0x000000008b200000, 0x000000008b200000| Complete 
| 157|0x000000008b300000, 0x000000008b400000, 0x000000008b400000|100%| E|CS|TAMS 0x000000008b300000, 0x000000008b300000| Complete 
| 158|0x000000008b400000, 0x000000008b500000, 0x000000008b500000|100%| E|CS|TAMS 0x000000008b400000, 0x000000008b400000| Complete 
| 159|0x000000008b500000, 0x000000008b600000, 0x000000008b600000|100%| E|CS|TAMS 0x000000008b500000, 0x000000008b500000| Complete 
| 160|0x000000008b600000, 0x000000008b700000, 0x000000008b700000|100%| E|CS|TAMS 0x000000008b600000, 0x000000008b600000| Complete 

Card table byte_map: [0x0000021139c70000,0x000002113a070000] _byte_map_base: 0x0000021139865000

Marking Bits (Prev, Next): (CMBitMap*) 0x000002112033baf8, (CMBitMap*) 0x000002112033bb30
 Prev Bits: [0x000002113a470000, 0x000002113c418000)
 Next Bits: [0x000002113c420000, 0x000002113e3c8000)

Polling page: 0x00000211201d0000

Metaspace:

Usage:
  Non-class:     34.43 MB capacity,    33.78 MB ( 98%) used,   599.34 KB (  2%) free+waste,    71.63 KB ( <1%) overhead. 
      Class:      4.28 MB capacity,     3.96 MB ( 93%) used,   289.92 KB (  7%) free+waste,    29.81 KB ( <1%) overhead. 
       Both:     38.71 MB capacity,    37.74 MB ( 98%) used,   889.26 KB (  2%) free+waste,   101.44 KB ( <1%) overhead. 

Virtual space:
  Non-class space:       36.00 MB reserved,      34.50 MB ( 96%) committed 
      Class space:        1.00 GB reserved,       4.38 MB ( <1%) committed 
             Both:        1.04 GB reserved,      38.88 MB (  4%) committed 

Chunk freelists:
   Non-Class:  5.00 KB
       Class:  5.00 KB
        Both:  10.00 KB

MaxMetaspaceSize: 17179869184.00 GB
CompressedClassSpaceSize: 1.00 GB
Initial GC threshold: 20.80 MB
Current GC threshold: 58.75 MB
CDS: off

CodeHeap 'non-profiled nmethods': size=120064Kb used=3331Kb max_used=3331Kb free=116732Kb
 bounds [0x0000021131d00000, 0x0000021132050000, 0x0000021139240000]
CodeHeap 'profiled nmethods': size=120000Kb used=14760Kb max_used=14760Kb free=105239Kb
 bounds [0x000002112a7d0000, 0x000002112b640000, 0x0000021131d00000]
CodeHeap 'non-nmethods': size=5696Kb used=1230Kb max_used=1278Kb free=4465Kb
 bounds [0x000002112a240000, 0x000002112a4b0000, 0x000002112a7d0000]
 total_blobs=6772 nmethods=6262 adapters=423
 compilation: enabled
              stopped_count=0, restarted_count=0
 full_count=0

Compilation events (20 events):
Event: 6.964 Thread 0x0000021140a4a000 nmethod 6248 0x000002112b628810 code [0x000002112b628a60, 0x000002112b6293b8]
Event: 6.976 Thread 0x0000021140a4a000 6250       3       java.io.BufferedReader::ensureOpen (18 bytes)
Event: 6.976 Thread 0x0000021140a4a000 nmethod 6250 0x000002112b629790 code [0x000002112b629960, 0x000002112b629b68]
Event: 6.979 Thread 0x0000021140a4a000 6251       3       org.fusesource.jansi.Ansi::flushAttributes (94 bytes)
Event: 6.980 Thread 0x0000021140a4a000 nmethod 6251 0x000002112b629c10 code [0x000002112b629ea0, 0x000002112b62ab48]
Event: 6.980 Thread 0x0000021140a4a000 6252       3       java.lang.Integer::toString (8 bytes)
Event: 6.980 Thread 0x0000021140a3b800 6253 %     4       sun.nio.cs.UTF_8$Encoder::encodeArrayLoop @ 73 (489 bytes)
Event: 6.980 Thread 0x0000021140a4a000 nmethod 6252 0x000002112b62b010 code [0x000002112b62b1c0, 0x000002112b62b2e8]
Event: 6.984 Thread 0x0000021140a4a000 6255   !   3       org.codehaus.plexus.component.configurator.converters.basic.AbstractBasicConverter::fromConfiguration (97 bytes)
Event: 6.985 Thread 0x0000021140a4a000 nmethod 6255 0x000002112b62b390 code [0x000002112b62b6a0, 0x000002112b62c858]
Event: 6.985 Thread 0x0000021140a4a000 6256   !   3       org.codehaus.plexus.component.configurator.converters.basic.AbstractBasicConverter::fromExpression (163 bytes)
Event: 6.987 Thread 0x0000021140a4a000 nmethod 6256 0x000002112b62ce90 code [0x000002112b62d220, 0x000002112b62eed8]
Event: 6.991 Thread 0x0000021140a3b800 nmethod 6253% 0x000002113202c690 code [0x000002113202c860, 0x000002113202d058]
Event: 6.992 Thread 0x0000021140a3b800 6254       4       org.codehaus.plexus.classworlds.realm.ClassRealm::loadClass (7 bytes)
Event: 6.995 Thread 0x0000021140a4a000 6257       3       java.lang.Integer::toString (55 bytes)
Event: 6.996 Thread 0x0000021140a4a000 nmethod 6257 0x000002112b62f990 code [0x000002112b62fb80, 0x000002112b62fef8]
Event: 7.007 Thread 0x0000021140a4a000 6258       3       java.util.EnumSet::<init> (15 bytes)
Event: 7.007 Thread 0x0000021140a4a000 nmethod 6258 0x000002112b630090 code [0x000002112b630260, 0x000002112b630538]
Event: 7.086 Thread 0x0000021140a4a000 6259       3       sun.nio.fs.WindowsFileAttributes::isDirectory (25 bytes)
Event: 7.086 Thread 0x0000021140a4a000 nmethod 6259 0x000002112b630690 code [0x000002112b630860, 0x000002112b630ad8]

GC Heap History (16 events):
Event: 0.785 GC heap before
{Heap before GC invocations=0 (full 0):
 garbage-first heap   total 131072K, used 13312K [0x0000000081600000, 0x0000000100000000)
  region size 1024K, 14 young (14336K), 0 survivors (0K)
 Metaspace       used 11520K, capacity 11793K, committed 12032K, reserved 1060864K
  class space    used 1072K, capacity 1167K, committed 1280K, reserved 1048576K
}
Event: 0.789 GC heap after
{Heap after GC invocations=1 (full 0):
 garbage-first heap   total 131072K, used 3149K [0x0000000081600000, 0x0000000100000000)
  region size 1024K, 2 young (2048K), 2 survivors (2048K)
 Metaspace       used 11520K, capacity 11793K, committed 12032K, reserved 1060864K
  class space    used 1072K, capacity 1167K, committed 1280K, reserved 1048576K
}
Event: 1.001 GC heap before
{Heap before GC invocations=1 (full 0):
 garbage-first heap   total 131072K, used 13389K [0x0000000081600000, 0x0000000100000000)
  region size 1024K, 12 young (12288K), 2 survivors (2048K)
 Metaspace       used 13454K, capacity 13725K, committed 14080K, reserved 1062912K
  class space    used 1334K, capacity 1427K, committed 1536K, reserved 1048576K
}
Event: 1.004 GC heap after
{Heap after GC invocations=2 (full 0):
 garbage-first heap   total 131072K, used 3802K [0x0000000081600000, 0x0000000100000000)
  region size 1024K, 1 young (1024K), 1 survivors (1024K)
 Metaspace       used 13454K, capacity 13725K, committed 14080K, reserved 1062912K
  class space    used 1334K, capacity 1427K, committed 1536K, reserved 1048576K
}
Event: 1.476 GC heap before
{Heap before GC invocations=2 (full 0):
 garbage-first heap   total 131072K, used 33498K [0x0000000081600000, 0x0000000100000000)
  region size 1024K, 30 young (30720K), 1 survivors (1024K)
 Metaspace       used 16992K, capacity 17281K, committed 17536K, reserved 1064960K
  class space    used 1758K, capacity 1861K, committed 1920K, reserved 1048576K
}
Event: 1.479 GC heap after
{Heap after GC invocations=3 (full 0):
 garbage-first heap   total 131072K, used 5106K [0x0000000081600000, 0x0000000100000000)
  region size 1024K, 2 young (2048K), 2 survivors (2048K)
 Metaspace       used 16992K, capacity 17281K, committed 17536K, reserved 1064960K
  class space    used 1758K, capacity 1861K, committed 1920K, reserved 1048576K
}
Event: 2.148 GC heap before
{Heap before GC invocations=3 (full 0):
 garbage-first heap   total 131072K, used 33778K [0x0000000081600000, 0x0000000100000000)
  region size 1024K, 31 young (31744K), 2 survivors (2048K)
 Metaspace       used 20873K, capacity 21187K, committed 21248K, reserved 1069056K
  class space    used 2196K, capacity 2295K, committed 2304K, reserved 1048576K
}
Event: 2.167 GC heap after
{Heap after GC invocations=4 (full 0):
 garbage-first heap   total 131072K, used 8502K [0x0000000081600000, 0x0000000100000000)
  region size 1024K, 6 young (6144K), 6 survivors (6144K)
 Metaspace       used 20873K, capacity 21187K, committed 21248K, reserved 1069056K
  class space    used 2196K, capacity 2295K, committed 2304K, reserved 1048576K
}
Event: 3.407 GC heap before
{Heap before GC invocations=5 (full 0):
 garbage-first heap   total 131072K, used 62774K [0x0000000081600000, 0x0000000100000000)
  region size 1024K, 59 young (60416K), 6 survivors (6144K)
 Metaspace       used 22379K, capacity 22842K, committed 23040K, reserved 1069056K
  class space    used 2309K, capacity 2439K, committed 2560K, reserved 1048576K
}
Event: 3.419 GC heap after
{Heap after GC invocations=6 (full 0):
 garbage-first heap   total 131072K, used 13047K [0x0000000081600000, 0x0000000100000000)
  region size 1024K, 8 young (8192K), 8 survivors (8192K)
 Metaspace       used 22379K, capacity 22842K, committed 23040K, reserved 1069056K
  class space    used 2309K, capacity 2439K, committed 2560K, reserved 1048576K
}
Event: 4.885 GC heap before
{Heap before GC invocations=6 (full 0):
 garbage-first heap   total 131072K, used 82679K [0x0000000081600000, 0x0000000100000000)
  region size 1024K, 76 young (77824K), 8 survivors (8192K)
 Metaspace       used 32532K, capacity 33266K, committed 33408K, reserved 1079296K
  class space    used 3425K, capacity 3621K, committed 3712K, reserved 1048576K
}
Event: 4.906 GC heap after
{Heap after GC invocations=7 (full 0):
 garbage-first heap   total 131072K, used 24453K [0x0000000081600000, 0x0000000100000000)
  region size 1024K, 10 young (10240K), 10 survivors (10240K)
 Metaspace       used 32532K, capacity 33266K, committed 33408K, reserved 1079296K
  class space    used 3425K, capacity 3621K, committed 3712K, reserved 1048576K
}
Event: 5.674 GC heap before
{Heap before GC invocations=7 (full 0):
 garbage-first heap   total 131072K, used 66437K [0x0000000081600000, 0x0000000100000000)
  region size 1024K, 53 young (54272K), 10 survivors (10240K)
 Metaspace       used 34994K, capacity 35814K, committed 35840K, reserved 1081344K
  class space    used 3683K, capacity 3942K, committed 3968K, reserved 1048576K
}
Event: 5.690 GC heap after
{Heap after GC invocations=8 (full 0):
 garbage-first heap   total 131072K, used 26624K [0x0000000081600000, 0x0000000100000000)
  region size 1024K, 2 young (2048K), 2 survivors (2048K)
 Metaspace       used 34994K, capacity 35814K, committed 35840K, reserved 1081344K
  class space    used 3683K, capacity 3942K, committed 3968K, reserved 1048576K
}
Event: 6.613 GC heap before
{Heap before GC invocations=9 (full 0):
 garbage-first heap   total 131072K, used 94208K [0x0000000081600000, 0x0000000100000000)
  region size 1024K, 68 young (69632K), 2 survivors (2048K)
 Metaspace       used 37373K, capacity 38254K, committed 38272K, reserved 1083392K
  class space    used 3941K, capacity 4217K, committed 4224K, reserved 1048576K
}
Event: 6.620 GC heap after
{Heap after GC invocations=10 (full 0):
 garbage-first heap   total 164864K, used 29900K [0x0000000081600000, 0x0000000100000000)
  region size 1024K, 6 young (6144K), 6 survivors (6144K)
 Metaspace       used 37373K, capacity 38254K, committed 38272K, reserved 1083392K
  class space    used 3941K, capacity 4217K, committed 4224K, reserved 1048576K
}

Deoptimization events (20 events):
Event: 6.731 Thread 0x00000211202fb000 Uncommon trap: trap_request=0xffffff4d fr.pc=0x0000021131d4b0a4 relative=0x0000000000000064
Event: 6.731 Thread 0x00000211202fb000 Uncommon trap: reason=unstable_if action=reinterpret pc=0x0000021131d4b0a4 method=sun.net.www.ParseUtil.firstEncodeIndex(Ljava/lang/String;)I @ 51 c2
Event: 6.731 Thread 0x00000211202fb000 DEOPT PACKING pc=0x0000021131d4b0a4 sp=0x00000074b69fa710
Event: 6.731 Thread 0x00000211202fb000 DEOPT UNPACKING pc=0x000002112a28a1a9 sp=0x00000074b69fa698 mode 2
Event: 6.752 Thread 0x00000211202fb000 Uncommon trap: trap_request=0xffffff7e fr.pc=0x0000021131f1eb14 relative=0x0000000000000154
Event: 6.752 Thread 0x00000211202fb000 Uncommon trap: reason=predicate action=maybe_recompile pc=0x0000021131f1eb14 method=java.util.Arrays.binarySearch0([Ljava/lang/Object;IILjava/lang/Object;)I @ 12 c2
Event: 6.752 Thread 0x00000211202fb000 DEOPT PACKING pc=0x0000021131f1eb14 sp=0x00000074b69fddc0
Event: 6.752 Thread 0x00000211202fb000 DEOPT UNPACKING pc=0x000002112a28a1a9 sp=0x00000074b69fdd30 mode 2
Event: 6.789 Thread 0x00000211202fb000 DEOPT PACKING pc=0x000002112a8c2411 sp=0x00000074b69fc210
Event: 6.789 Thread 0x00000211202fb000 DEOPT UNPACKING pc=0x000002112a28a93f sp=0x00000074b69fb6e8 mode 0
Event: 6.795 Thread 0x00000211202fb000 Uncommon trap: trap_request=0xffffffde fr.pc=0x0000021131e71914 relative=0x00000000000004b4
Event: 6.795 Thread 0x00000211202fb000 Uncommon trap: reason=class_check action=maybe_recompile pc=0x0000021131e71914 method=org.codehaus.plexus.interpolation.MapBasedValueSource.getValue(Ljava/lang/String;)Ljava/lang/Object; @ 16 c2
Event: 6.795 Thread 0x00000211202fb000 DEOPT PACKING pc=0x0000021131e71914 sp=0x00000074b69fc1d0
Event: 6.795 Thread 0x00000211202fb000 DEOPT UNPACKING pc=0x000002112a28a1a9 sp=0x00000074b69fc188 mode 2
Event: 6.796 Thread 0x00000211202fb000 Uncommon trap: trap_request=0xffffff4d fr.pc=0x0000021131ff87fc relative=0x00000000000026dc
Event: 6.796 Thread 0x00000211202fb000 Uncommon trap: reason=unstable_if action=reinterpret pc=0x0000021131ff87fc method=org.apache.maven.model.merge.MavenModelMerger.mergePlugin_Executions(Lorg/apache/maven/model/Plugin;Lorg/apache/maven/model/Plugin;ZLjava/util/Map;)V @ 88 c2
Event: 6.796 Thread 0x00000211202fb000 DEOPT PACKING pc=0x0000021131ff87fc sp=0x00000074b69fbe50
Event: 6.796 Thread 0x00000211202fb000 DEOPT UNPACKING pc=0x000002112a28a1a9 sp=0x00000074b69fbe50 mode 2
Event: 6.868 Thread 0x00000211202fb000 DEOPT PACKING pc=0x000002112b48bbe3 sp=0x00000074b69fd8a0
Event: 6.868 Thread 0x00000211202fb000 DEOPT UNPACKING pc=0x000002112a28a93f sp=0x00000074b69fcd38 mode 0

Classes redefined (0 events):
No events

Internal exceptions (20 events):
Event: 5.655 Thread 0x00000211202fb000 Exception <a 'sun/nio/fs/WindowsException'{0x0000000086c4e6c0}> (0x0000000086c4e6c0) thrown at [s\src\hotspot\share\prims\jni.cpp, line 617]
Event: 5.655 Thread 0x00000211202fb000 Exception <a 'sun/nio/fs/WindowsException'{0x0000000086c4ee20}> (0x0000000086c4ee20) thrown at [s\src\hotspot\share\prims\jni.cpp, line 617]
Event: 5.655 Thread 0x00000211202fb000 Exception <a 'sun/nio/fs/WindowsException'{0x0000000086c4f5d8}> (0x0000000086c4f5d8) thrown at [s\src\hotspot\share\prims\jni.cpp, line 617]
Event: 5.655 Thread 0x00000211202fb000 Exception <a 'sun/nio/fs/WindowsException'{0x0000000086c4fd08}> (0x0000000086c4fd08) thrown at [s\src\hotspot\share\prims\jni.cpp, line 617]
Event: 5.655 Thread 0x00000211202fb000 Exception <a 'sun/nio/fs/WindowsException'{0x0000000086c50018}> (0x0000000086c50018) thrown at [s\src\hotspot\share\prims\jni.cpp, line 617]
Event: 5.655 Thread 0x00000211202fb000 Exception <a 'sun/nio/fs/WindowsException'{0x0000000086c50cc0}> (0x0000000086c50cc0) thrown at [s\src\hotspot\share\prims\jni.cpp, line 617]
Event: 5.717 Thread 0x00000211202fb000 Exception <a 'java/lang/NoSuchMethodError'{0x00000000895679b0}: 'void java.lang.invoke.DirectMethodHandle$Holder.invokeVirtual(java.lang.Object, java.lang.Object)'> (0x00000000895679b0) thrown at [s\src\hotspot\share\interpreter\linkResolver.cpp, line 773]
Event: 5.789 Thread 0x00000211202fb000 Exception <a 'sun/nio/fs/WindowsException'{0x0000000089472c98}> (0x0000000089472c98) thrown at [s\src\hotspot\share\prims\jni.cpp, line 617]
Event: 5.789 Thread 0x00000211202fb000 Exception <a 'sun/nio/fs/WindowsException'{0x0000000089473380}> (0x0000000089473380) thrown at [s\src\hotspot\share\prims\jni.cpp, line 617]
Event: 5.790 Thread 0x00000211202fb000 Exception <a 'sun/nio/fs/WindowsException'{0x0000000089473d18}> (0x0000000089473d18) thrown at [s\src\hotspot\share\prims\jni.cpp, line 617]
Event: 5.800 Thread 0x00000211202fb000 Exception <a 'sun/nio/fs/WindowsException'{0x000000008949c0a0}> (0x000000008949c0a0) thrown at [s\src\hotspot\share\prims\jni.cpp, line 617]
Event: 5.800 Thread 0x00000211202fb000 Exception <a 'sun/nio/fs/WindowsException'{0x000000008949c760}> (0x000000008949c760) thrown at [s\src\hotspot\share\prims\jni.cpp, line 617]
Event: 5.800 Thread 0x00000211202fb000 Exception <a 'sun/nio/fs/WindowsException'{0x000000008949cff8}> (0x000000008949cff8) thrown at [s\src\hotspot\share\prims\jni.cpp, line 617]
Event: 5.820 Thread 0x00000211202fb000 Exception <a 'sun/nio/fs/WindowsException'{0x00000000894ef860}> (0x00000000894ef860) thrown at [s\src\hotspot\share\prims\jni.cpp, line 617]
Event: 5.820 Thread 0x00000211202fb000 Exception <a 'sun/nio/fs/WindowsException'{0x00000000894eff18}> (0x00000000894eff18) thrown at [s\src\hotspot\share\prims\jni.cpp, line 617]
Event: 5.820 Thread 0x00000211202fb000 Exception <a 'sun/nio/fs/WindowsException'{0x00000000894f07a8}> (0x00000000894f07a8) thrown at [s\src\hotspot\share\prims\jni.cpp, line 617]
Event: 6.183 Thread 0x00000211202fb000 Exception <a 'java/lang/NoSuchMethodError'{0x0000000087a4d710}: 'java.lang.String org.apache.maven.execution.MavenExecutionRequest.getFailureBehavior()'> (0x0000000087a4d710) thrown at [s\src\hotspot\share\interpreter\linkResolver.cpp, line 868]
Event: 6.209 Thread 0x0000021142d98800 Exception <a 'java/lang/NoSuchMethodError'{0x0000000087cc9520}: 'java.lang.Object java.lang.invoke.DirectMethodHandle$Holder.invokeStaticInit(java.lang.Object, java.lang.Object, long, java.lang.Object)'> (0x0000000087cc9520) thrown at [s\src\hotspot\share\interpreter\linkResolver.cpp, line 773]
Event: 6.210 Thread 0x0000021142d98800 Exception <a 'java/lang/NoSuchMethodError'{0x0000000087cd5640}: 'java.lang.Object java.lang.invoke.Invokers$Holder.linkToTargetMethod(java.lang.Object, long, java.lang.Object)'> (0x0000000087cd5640) thrown at [s\src\hotspot\share\interpreter\linkResolver.cpp, line 773]
Event: 7.088 Thread 0x00000211202fb000 Exception <a 'sun/nio/fs/WindowsException'{0x0000000089a79ed8}> (0x0000000089a79ed8) thrown at [s\src\hotspot\share\prims\jni.cpp, line 617]

Events (20 events):
Event: 6.975 loading class org/apache/maven/shared/filtering/BoundedReader
Event: 6.975 loading class org/apache/maven/shared/filtering/BoundedReader done
Event: 6.976 loading class java/nio/file/attribute/PosixFileAttributes
Event: 6.978 loading class java/nio/file/attribute/PosixFileAttributes done
Event: 6.978 loading class org/sonatype/plexus/build/incremental/EmptyScanner
Event: 6.978 loading class org/sonatype/plexus/build/incremental/EmptyScanner done
Event: 6.978 loading class org/sonatype/plexus/build/incremental/EmptyScanner
Event: 6.978 loading class org/sonatype/plexus/build/incremental/EmptyScanner done
Event: 6.982 loading class org/apache/maven/toolchain/DefaultToolchainManager
Event: 6.982 loading class org/apache/maven/toolchain/DefaultToolchainManager done
Event: 6.982 loading class org/apache/maven/toolchain/DefaultToolchainManager
Event: 6.982 loading class org/apache/maven/toolchain/DefaultToolchainManager done
Event: 6.983 loading class org/apache/maven/repository/legacy/LegacyRepositorySystem
Event: 6.983 loading class org/apache/maven/repository/legacy/LegacyRepositorySystem done
Event: 6.983 loading class org/apache/maven/repository/legacy/LegacyRepositorySystem
Event: 6.983 loading class org/apache/maven/repository/legacy/LegacyRepositorySystem done
Event: 6.983 loading class org/apache/maven/artifact/resolver/DefaultResolutionErrorHandler
Event: 6.983 loading class org/apache/maven/artifact/resolver/DefaultResolutionErrorHandler done
Event: 6.983 loading class org/apache/maven/artifact/resolver/DefaultResolutionErrorHandler
Event: 6.983 loading class org/apache/maven/artifact/resolver/DefaultResolutionErrorHandler done


Dynamic libraries:
0x00007ff6533c0000 - 0x00007ff6533cd000 	C:\Users\admin\.jdks\corretto-11.0.19\bin\java.exe
0x00007ff9e1590000 - 0x00007ff9e1788000 	C:\Windows\SYSTEM32\ntdll.dll
0x00007ff9e0700000 - 0x00007ff9e07bf000 	C:\Windows\System32\KERNEL32.DLL
0x00007ff9dee80000 - 0x00007ff9df176000 	C:\Windows\System32\KERNELBASE.dll
0x00007ff9df1b0000 - 0x00007ff9df2b0000 	C:\Windows\System32\ucrtbase.dll
0x00007ff9c0920000 - 0x00007ff9c0937000 	C:\Users\admin\.jdks\corretto-11.0.19\bin\jli.dll
0x00007ff9dfc10000 - 0x00007ff9dfdad000 	C:\Windows\System32\USER32.dll
0x00007ff9c04d0000 - 0x00007ff9c04e9000 	C:\Users\admin\.jdks\corretto-11.0.19\bin\VCRUNTIME140.dll
0x00007ff9df2b0000 - 0x00007ff9df2d2000 	C:\Windows\System32\win32u.dll
0x00007ff9e0400000 - 0x00007ff9e042c000 	C:\Windows\System32\GDI32.dll
0x00007ff9c2e90000 - 0x00007ff9c312a000 	C:\Windows\WinSxS\amd64_microsoft.windows.common-controls_6595b64144ccf1df_6.0.19041.1110_none_60b5254171f9507e\COMCTL32.dll
0x00007ff9dec70000 - 0x00007ff9ded85000 	C:\Windows\System32\gdi32full.dll
0x00007ff9ded90000 - 0x00007ff9dee2d000 	C:\Windows\System32\msvcp_win.dll
0x00007ff9e13a0000 - 0x00007ff9e143e000 	C:\Windows\System32\msvcrt.dll
0x00007ff9e04e0000 - 0x00007ff9e0510000 	C:\Windows\System32\IMM32.DLL
0x00007ff9b0d90000 - 0x00007ff9b0e2b000 	C:\Users\admin\.jdks\corretto-11.0.19\bin\msvcp140.dll
0x00007ff97b030000 - 0x00007ff97bbba000 	C:\Users\admin\.jdks\corretto-11.0.19\bin\server\jvm.dll
0x00007ff9e0350000 - 0x00007ff9e03ff000 	C:\Windows\System32\ADVAPI32.dll
0x00007ff9e14a0000 - 0x00007ff9e153c000 	C:\Windows\System32\sechost.dll
0x00007ff9dfdb0000 - 0x00007ff9dfed6000 	C:\Windows\System32\RPCRT4.dll
0x00007ff9e1540000 - 0x00007ff9e1548000 	C:\Windows\System32\PSAPI.DLL
0x00007ff9c2760000 - 0x00007ff9c2787000 	C:\Windows\SYSTEM32\WINMM.dll
0x00007ff9cdf00000 - 0x00007ff9cdf09000 	C:\Windows\SYSTEM32\WSOCK32.dll
0x00007ff9d7c30000 - 0x00007ff9d7c3a000 	C:\Windows\SYSTEM32\VERSION.dll
0x00007ff9e0570000 - 0x00007ff9e05db000 	C:\Windows\System32\WS2_32.dll
0x00007ff9dcb40000 - 0x00007ff9dcb52000 	C:\Windows\SYSTEM32\kernel.appcore.dll
0x00007ff9c4130000 - 0x00007ff9c4140000 	C:\Users\admin\.jdks\corretto-11.0.19\bin\verify.dll
0x00007ff9d62f0000 - 0x00007ff9d64d4000 	C:\Windows\SYSTEM32\DBGHELP.DLL
0x00007ff9cb250000 - 0x00007ff9cb284000 	C:\Windows\SYSTEM32\dbgcore.DLL
0x00007ff9df2e0000 - 0x00007ff9df362000 	C:\Windows\System32\bcryptPrimitives.dll
0x00007ff9b9840000 - 0x00007ff9b9868000 	C:\Users\admin\.jdks\corretto-11.0.19\bin\java.dll
0x00007ff9c4100000 - 0x00007ff9c410a000 	C:\Users\admin\.jdks\corretto-11.0.19\bin\jimage.dll
0x00007ff9dc270000 - 0x00007ff9dc27e000 	C:\Users\admin\.jdks\corretto-11.0.19\bin\instrument.dll
0x00007ff9bd6d0000 - 0x00007ff9bd6e8000 	C:\Users\admin\.jdks\corretto-11.0.19\bin\zip.dll
0x00007ff9e07c0000 - 0x00007ff9e0f04000 	C:\Windows\System32\SHELL32.dll
0x00007ff9dcd40000 - 0x00007ff9dd4d4000 	C:\Windows\SYSTEM32\windows.storage.dll
0x00007ff9df5f0000 - 0x00007ff9df944000 	C:\Windows\System32\combase.dll
0x00007ff9de6b0000 - 0x00007ff9de6de000 	C:\Windows\SYSTEM32\Wldp.dll
0x00007ff9e0430000 - 0x00007ff9e04dd000 	C:\Windows\System32\SHCORE.dll
0x00007ff9df960000 - 0x00007ff9df9b5000 	C:\Windows\System32\shlwapi.dll
0x00007ff9deba0000 - 0x00007ff9debc5000 	C:\Windows\SYSTEM32\profapi.dll
0x00007ff9bc020000 - 0x00007ff9bc039000 	C:\Users\admin\.jdks\corretto-11.0.19\bin\net.dll
0x00007ff9d7c90000 - 0x00007ff9d7d9a000 	C:\Windows\SYSTEM32\WINHTTP.dll
0x00007ff9de410000 - 0x00007ff9de47a000 	C:\Windows\system32\mswsock.dll
0x00007ff9bbf30000 - 0x00007ff9bbf43000 	C:\Users\admin\.jdks\corretto-11.0.19\bin\nio.dll
0x00007ff9cdc30000 - 0x00007ff9cdc4a000 	C:\Program Files\JetBrains\IntelliJ IDEA Community Edition 2023.1.3\bin\breakgen64.dll
0x00007ff9de600000 - 0x00007ff9de618000 	C:\Windows\SYSTEM32\CRYPTSP.dll
0x00007ff9ddcc0000 - 0x00007ff9ddcf4000 	C:\Windows\system32\rsaenh.dll
0x00007ff9df180000 - 0x00007ff9df1a7000 	C:\Windows\System32\bcrypt.dll
0x00007ff9deb60000 - 0x00007ff9deb8e000 	C:\Windows\SYSTEM32\USERENV.dll
0x00007ff9de620000 - 0x00007ff9de62c000 	C:\Windows\SYSTEM32\CRYPTBASE.dll
0x00007ff9de0b0000 - 0x00007ff9de0ec000 	C:\Windows\SYSTEM32\IPHLPAPI.DLL
0x00007ff9df950000 - 0x00007ff9df958000 	C:\Windows\System32\NSI.dll
0x00007ff9d8a10000 - 0x00007ff9d8a27000 	C:\Windows\SYSTEM32\dhcpcsvc6.DLL
0x00007ff9d89f0000 - 0x00007ff9d8a0d000 	C:\Windows\SYSTEM32\dhcpcsvc.DLL
0x00007ff9de100000 - 0x00007ff9de1ca000 	C:\Windows\SYSTEM32\DNSAPI.dll
0x00007ff9cf200000 - 0x00007ff9cf20a000 	C:\Users\admin\AppData\Local\Temp\jansi-1.17.1-3143395596845878120.dll

dbghelp: loaded successfully - version: 4.0.5 - missing functions: none
symbol engine: initialized successfully - sym options: 0x614 - pdb path: .;C:\Users\admin\.jdks\corretto-11.0.19\bin;C:\Windows\SYSTEM32;C:\Windows\WinSxS\amd64_microsoft.windows.common-controls_6595b64144ccf1df_6.0.19041.1110_none_60b5254171f9507e;C:\Users\admin\.jdks\corretto-11.0.19\bin\server;C:\Program Files\JetBrains\IntelliJ IDEA Community Edition 2023.1.3\bin;C:\Users\admin\AppData\Local\Temp

VM Arguments:
jvm_args: -Dmaven.multiModuleProjectDirectory=C:\Users\admin\dev\java-explore-with-me -Djansi.passthrough=true -Dmaven.home=C:\Program Files\JetBrains\IntelliJ IDEA Community Edition 2023.1.3\plugins\maven\lib\maven3 -Dclassworlds.conf=C:\Program Files\JetBrains\IntelliJ IDEA Community Edition 2023.1.3\plugins\maven\lib\maven3\bin\m2.conf -Dmaven.ext.class.path=C:\Program Files\JetBrains\IntelliJ IDEA Community Edition 2023.1.3\plugins\maven\lib\maven-event-listener.jar -javaagent:C:\Program Files\JetBrains\IntelliJ IDEA Community Edition 2023.1.3\lib\idea_rt.jar=55532:C:\Program Files\JetBrains\IntelliJ IDEA Community Edition 2023.1.3\bin -Dfile.encoding=UTF-8 
java_command: org.codehaus.classworlds.Launcher -Didea.version=2023.1.3 --offline clean package
java_class_path (initial): C:\Program Files\JetBrains\IntelliJ IDEA Community Edition 2023.1.3\plugins\maven\lib\maven3\boot\plexus-classworlds-2.6.0.jar;C:\Program Files\JetBrains\IntelliJ IDEA Community Edition 2023.1.3\plugins\maven\lib\maven3\boot\plexus-classworlds.license
Launcher Type: SUN_STANDARD

[Global flags]
     intx CICompilerCount                          = 3                                         {product} {ergonomic}
     uint ConcGCThreads                            = 1                                         {product} {ergonomic}
     uint G1ConcRefinementThreads                  = 4                                         {product} {ergonomic}
   size_t G1HeapRegionSize                         = 1048576                                   {product} {ergonomic}
    uintx GCDrainStackTargetSize                   = 64                                        {product} {ergonomic}
   size_t InitialHeapSize                          = 134217728                                 {product} {ergonomic}
   size_t MarkStackSize                            = 4194304                                   {product} {ergonomic}
   size_t MaxHeapSize                              = 2124414976                                {product} {ergonomic}
   size_t MaxNewSize                               = 1274019840                                {product} {ergonomic}
   size_t MinHeapDeltaBytes                        = 1048576                                   {product} {ergonomic}
    uintx NonNMethodCodeHeapSize                   = 5830732                                {pd product} {ergonomic}
    uintx NonProfiledCodeHeapSize                  = 122913754                              {pd product} {ergonomic}
    uintx ProfiledCodeHeapSize                     = 122913754                              {pd product} {ergonomic}
    uintx ReservedCodeCacheSize                    = 251658240                              {pd product} {ergonomic}
     bool SegmentedCodeCache                       = true                                      {product} {ergonomic}
     bool UseCompressedClassPointers               = true                                 {lp64_product} {ergonomic}
     bool UseCompressedOops                        = true                                 {lp64_product} {ergonomic}
     bool UseG1GC                                  = true                                      {product} {ergonomic}
     bool UseLargePagesIndividualAllocation        = false                                  {pd product} {ergonomic}

Logging:
Log output configuration:
 #0: stdout all=warning uptime,level,tags
 #1: stderr all=off uptime,level,tags

Environment Variables:
PATH=C:\Windows\system32;C:\Windows;C:\Windows\System32\Wbem;C:\Windows\System32\WindowsPowerShell\v1.0\;C:\Windows\System32\OpenSSH\;C:\Program Files\Docker\Docker\resources\bin;C:\Program Files\Git\cmd;C:\Program Files (x86)\NVIDIA Corporation\PhysX\Common;C:\Users\admin\AppData\Local\Microsoft\WindowsApps;
USERNAME=admin
OS=Windows_NT
PROCESSOR_IDENTIFIER=Intel64 Family 6 Model 165 Stepping 3, GenuineIntel
TMP=C:\Users\admin\AppData\Local\Temp
TEMP=C:\Users\admin\AppData\Local\Temp



---------------  S Y S T E M  ---------------

OS: Windows 10 , 64 bit Build 19041 (10.0.19041.3155)
OS uptime: 13 days 19:46 hours
Hyper-V role detected

CPU:total 4 (initial active 4) (2 cores per cpu, 2 threads per core) family 6 model 165 stepping 3 microcode 0xf0, cmov, cx8, fxsr, mmx, sse, sse2, sse3, ssse3, sse4.1, sse4.2, popcnt, aes, clmul, erms, 3dnowpref, lzcnt, ht, tsc, tscinvbit

Memory: 4k page, system-wide physical 8100M (522M free)
TotalPageFile size 18100M (AvailPageFile size 7M)
current process WorkingSet (physical memory assigned to process): 313M, peak: 317M
current process commit charge ("private bytes"): 349M, peak: 353M

vm_info: OpenJDK 64-Bit Server VM (11.0.19+7-LTS) for windows-amd64 JRE (11.0.19+7-LTS), built on Apr 13 2023 22:56:25 by "Administrator" with MS VC++ 15.9 (VS2017)

END.
