#
# There is insufficient memory for the Java Runtime Environment to continue.
# Native memory allocation (malloc) failed to allocate 1448496 bytes for Chunk::new
# Possible reasons:
#   The system is out of physical RAM or swap space
#   The process is running with CompressedOops enabled, and the Java Heap may be blocking the growth of the native heap
# Possible solutions:
#   Reduce memory load on the system
#   Increase physical memory or swap space
#   Check if swap backing store is full
#   Decrease Java heap size (-Xmx/-Xms)
#   Decrease number of Java threads
#   Decrease Java thread stack sizes (-Xss)
#   Set larger code cache with -XX:ReservedCodeCacheSize=
#   JVM is running with Unscaled Compressed Oops mode in which the Java heap is
#     placed in the first 4GB address space. The Java Heap base address is the
#     maximum limit for the native heap growth. Please use -XX:HeapBaseMinAddress
#     to set the Java Heap base and to place the Java Heap above 4GB virtual address.
# This output file may be truncated or incomplete.
#
#  Out of Memory Error (arena.cpp:197), pid=4856, tid=1096
#
# JRE version: OpenJDK Runtime Environment Corretto-11.0.19.7.1 (11.0.19+7) (build 11.0.19+7-LTS)
# Java VM: OpenJDK 64-Bit Server VM Corretto-11.0.19.7.1 (11.0.19+7-LTS, mixed mode, tiered, compressed oops, g1 gc, windows-amd64)
# No core dump will be written. Minidumps are not enabled by default on client versions of Windows
#

---------------  S U M M A R Y ------------

Command Line: -Dmaven.multiModuleProjectDirectory=C:\Users\admin\dev\java-explore-with-me -Djansi.passthrough=true -Dmaven.home=C:\Program Files\JetBrains\IntelliJ IDEA Community Edition 2023.1.3\plugins\maven\lib\maven3 -Dclassworlds.conf=C:\Program Files\JetBrains\IntelliJ IDEA Community Edition 2023.1.3\plugins\maven\lib\maven3\bin\m2.conf -Dmaven.ext.class.path=C:\Program Files\JetBrains\IntelliJ IDEA Community Edition 2023.1.3\plugins\maven\lib\maven-event-listener.jar -javaagent:C:\Program Files\JetBrains\IntelliJ IDEA Community Edition 2023.1.3\lib\idea_rt.jar=55565:C:\Program Files\JetBrains\IntelliJ IDEA Community Edition 2023.1.3\bin -Dfile.encoding=UTF-8 org.codehaus.classworlds.Launcher -Didea.version=2023.1.3 --offline package

Host: Intel(R) Pentium(R) Gold G6400 CPU @ 4.00GHz, 4 cores, 7G,  Windows 10 , 64 bit Build 19041 (10.0.19041.3155)
Time: Fri Aug  4 11:48:57 2023 RTZ 3 (s 10 , 64 bit Build 19041 (10.0.19041.3155) elapsed time: 3.678197 seconds (0d 0h 0m 3s)

---------------  T H R E A D  ---------------

Current thread (0x0000028a35b64000):  JavaThread "C2 CompilerThread1" daemon [_thread_in_native, id=1096, stack(0x000000bd99600000,0x000000bd99700000)]


Current CompileTask:
C2:   3678 3761       4       jdk.internal.module.SystemModuleFinders$SystemModuleReader::findImageLocation (42 bytes)

Stack: [0x000000bd99600000,0x000000bd99700000]
Native frames: (J=compiled Java code, j=interpreted, Vv=VM code, C=native code)
V  [jvm.dll+0x6235aa]
V  [jvm.dll+0x7b0f89]
V  [jvm.dll+0x7b2678]
V  [jvm.dll+0x7b2d53]
V  [jvm.dll+0x24fe38]
V  [jvm.dll+0xc264c]
V  [jvm.dll+0xc2c0c]
V  [jvm.dll+0x35cbf2]
V  [jvm.dll+0x328bb3]
V  [jvm.dll+0x327eea]
V  [jvm.dll+0x2092b3]
V  [jvm.dll+0x20840d]
V  [jvm.dll+0x18a3c1]
V  [jvm.dll+0x217ab4]
V  [jvm.dll+0x215cfb]
V  [jvm.dll+0x773a90]
V  [jvm.dll+0x76c9c4]
V  [jvm.dll+0x622415]
C  [ucrtbase.dll+0x21bb2]
C  [KERNEL32.DLL+0x17614]
C  [ntdll.dll+0x526b1]


---------------  P R O C E S S  ---------------

Threads class SMR info:
_java_thread_list=0x0000028a35a13060, length=12, elements={
0x0000028a14f1b000, 0x0000028a33e77000, 0x0000028a33e80000, 0x0000028a33e71000,
0x0000028a33e72000, 0x0000028a33e74800, 0x0000028a33e87000, 0x0000028a33ea1800,
0x0000028a34844000, 0x0000028a34956000, 0x0000028a34b1a000, 0x0000028a35b64000
}

Java Threads: ( => current thread )
  0x0000028a14f1b000 JavaThread "main" [_thread_in_vm, id=1120, stack(0x000000bd98100000,0x000000bd98200000)]
  0x0000028a33e77000 JavaThread "Reference Handler" daemon [_thread_blocked, id=5544, stack(0x000000bd98800000,0x000000bd98900000)]
  0x0000028a33e80000 JavaThread "Finalizer" daemon [_thread_blocked, id=12488, stack(0x000000bd98900000,0x000000bd98a00000)]
  0x0000028a33e71000 JavaThread "Signal Dispatcher" daemon [_thread_blocked, id=16080, stack(0x000000bd98a00000,0x000000bd98b00000)]
  0x0000028a33e72000 JavaThread "Attach Listener" daemon [_thread_blocked, id=3944, stack(0x000000bd98b00000,0x000000bd98c00000)]
  0x0000028a33e74800 JavaThread "Service Thread" daemon [_thread_blocked, id=3904, stack(0x000000bd98c00000,0x000000bd98d00000)]
  0x0000028a33e87000 JavaThread "C2 CompilerThread0" daemon [_thread_in_native, id=3840, stack(0x000000bd98d00000,0x000000bd98e00000)]
  0x0000028a33ea1800 JavaThread "C1 CompilerThread0" daemon [_thread_in_vm, id=13884, stack(0x000000bd98e00000,0x000000bd98f00000)]
  0x0000028a34844000 JavaThread "Sweeper thread" daemon [_thread_blocked, id=8704, stack(0x000000bd98f00000,0x000000bd99000000)]
  0x0000028a34956000 JavaThread "Common-Cleaner" daemon [_thread_blocked, id=11092, stack(0x000000bd99000000,0x000000bd99100000)]
  0x0000028a34b1a000 JavaThread "Monitor Ctrl-Break" daemon [_thread_in_native, id=1816, stack(0x000000bd99100000,0x000000bd99200000)]
=>0x0000028a35b64000 JavaThread "C2 CompilerThread1" daemon [_thread_in_native, id=1096, stack(0x000000bd99600000,0x000000bd99700000)]

Other Threads:
  0x0000028a33e42000 VMThread "VM Thread" [stack: 0x000000bd98700000,0x000000bd98800000] [id=15368]
  0x0000028a34b1b000 WatcherThread [stack: 0x000000bd99200000,0x000000bd99300000] [id=15744]
  0x0000028a14f34800 GCTaskThread "GC Thread#0" [stack: 0x000000bd98200000,0x000000bd98300000] [id=6220]
  0x0000028a3536a000 GCTaskThread "GC Thread#1" [stack: 0x000000bd99300000,0x000000bd99400000] [id=1564]
  0x0000028a350f3800 GCTaskThread "GC Thread#2" [stack: 0x000000bd99400000,0x000000bd99500000] [id=8168]
  0x0000028a14f64000 ConcurrentGCThread "G1 Main Marker" [stack: 0x000000bd98300000,0x000000bd98400000] [id=11800]
  0x0000028a14f65000 ConcurrentGCThread "G1 Conc#0" [stack: 0x000000bd98400000,0x000000bd98500000] [id=15404]
  0x0000028a14ff9800 ConcurrentGCThread "G1 Refine#0" [stack: 0x000000bd98500000,0x000000bd98600000] [id=2788]
  0x0000028a34b8c000 ConcurrentGCThread "G1 Refine#1" [stack: 0x000000bd99500000,0x000000bd99600000] [id=9604]
  0x0000028a14ffc800 ConcurrentGCThread "G1 Young RemSet Sampling" [stack: 0x000000bd98600000,0x000000bd98700000] [id=9168]

Threads with active compile tasks:
C2 CompilerThread0     3698 3806   !   4       jdk.internal.loader.BuiltinClassLoader::loadClassOrNull (143 bytes)
C2 CompilerThread1     3698 3761       4       jdk.internal.module.SystemModuleFinders$SystemModuleReader::findImageLocation (42 bytes)

VM state:not at safepoint (normal execution)

VM Mutex/Monitor currently owned by a thread: None

Heap address: 0x0000000081600000, size: 2026 MB, Compressed Oops mode: 32-bit
Narrow klass base: 0x0000000000000000, Narrow klass shift: 3
Compressed class space size: 1073741824 Address: 0x0000000100000000

Heap:
 garbage-first heap   total 131072K, used 29874K [0x0000000081600000, 0x0000000100000000)
  region size 1024K, 26 young (26624K), 9 survivors (9216K)
 Metaspace       used 29515K, capacity 30096K, committed 30336K, reserved 1077248K
  class space    used 3149K, capacity 3334K, committed 3456K, reserved 1048576K
Heap Regions: E=young(eden), S=young(survivor), O=old, HS=humongous(starts), HC=humongous(continues), CS=collection set, F=free, A=archive, TAMS=top-at-mark-start (previous, next)
|   0|0x0000000081600000, 0x0000000081700000, 0x0000000081700000|100%| O|  |TAMS 0x0000000081700000, 0x0000000081600000| Untracked 
|   1|0x0000000081700000, 0x0000000081800000, 0x0000000081800000|100%| O|  |TAMS 0x0000000081800000, 0x0000000081700000| Untracked 
|   2|0x0000000081800000, 0x0000000081900000, 0x0000000081900000|100%| O|  |TAMS 0x0000000081900000, 0x0000000081800000| Untracked 
|   3|0x0000000081900000, 0x0000000081a00000, 0x0000000081a00000|100%| O|  |TAMS 0x0000000081921800, 0x0000000081900000| Untracked 
|   4|0x0000000081a00000, 0x0000000081a2ca00, 0x0000000081b00000| 17%| O|  |TAMS 0x0000000081a00000, 0x0000000081a00000| Untracked 
|   5|0x0000000081b00000, 0x0000000081b00000, 0x0000000081c00000|  0%| F|  |TAMS 0x0000000081b00000, 0x0000000081b00000| Untracked 
|   6|0x0000000081c00000, 0x0000000081c00000, 0x0000000081d00000|  0%| F|  |TAMS 0x0000000081c00000, 0x0000000081c00000| Untracked 
|   7|0x0000000081d00000, 0x0000000081d00000, 0x0000000081e00000|  0%| F|  |TAMS 0x0000000081d00000, 0x0000000081d00000| Untracked 
|   8|0x0000000081e00000, 0x0000000081e00000, 0x0000000081f00000|  0%| F|  |TAMS 0x0000000081e00000, 0x0000000081e00000| Untracked 
|   9|0x0000000081f00000, 0x0000000081f00000, 0x0000000082000000|  0%| F|  |TAMS 0x0000000081f00000, 0x0000000081f00000| Untracked 
|  10|0x0000000082000000, 0x0000000082000000, 0x0000000082100000|  0%| F|  |TAMS 0x0000000082000000, 0x0000000082000000| Untracked 
|  11|0x0000000082100000, 0x0000000082100000, 0x0000000082200000|  0%| F|  |TAMS 0x0000000082100000, 0x0000000082100000| Untracked 
|  12|0x0000000082200000, 0x0000000082200000, 0x0000000082300000|  0%| F|  |TAMS 0x0000000082200000, 0x0000000082200000| Untracked 
|  13|0x0000000082300000, 0x0000000082300000, 0x0000000082400000|  0%| F|  |TAMS 0x0000000082300000, 0x0000000082300000| Untracked 
|  14|0x0000000082400000, 0x0000000082400000, 0x0000000082500000|  0%| F|  |TAMS 0x0000000082400000, 0x0000000082400000| Untracked 
|  15|0x0000000082500000, 0x0000000082500000, 0x0000000082600000|  0%| F|  |TAMS 0x0000000082500000, 0x0000000082500000| Untracked 
|  16|0x0000000082600000, 0x0000000082600000, 0x0000000082700000|  0%| F|  |TAMS 0x0000000082600000, 0x0000000082600000| Untracked 
|  17|0x0000000082700000, 0x0000000082700000, 0x0000000082800000|  0%| F|  |TAMS 0x0000000082700000, 0x0000000082700000| Untracked 
|  18|0x0000000082800000, 0x0000000082800000, 0x0000000082900000|  0%| F|  |TAMS 0x0000000082800000, 0x0000000082800000| Untracked 
|  19|0x0000000082900000, 0x0000000082900000, 0x0000000082a00000|  0%| F|  |TAMS 0x0000000082900000, 0x0000000082900000| Untracked 
|  20|0x0000000082a00000, 0x0000000082a00000, 0x0000000082b00000|  0%| F|  |TAMS 0x0000000082a00000, 0x0000000082a00000| Untracked 
|  21|0x0000000082b00000, 0x0000000082b00000, 0x0000000082c00000|  0%| F|  |TAMS 0x0000000082b00000, 0x0000000082b00000| Untracked 
|  22|0x0000000082c00000, 0x0000000082c00000, 0x0000000082d00000|  0%| F|  |TAMS 0x0000000082c00000, 0x0000000082c00000| Untracked 
|  23|0x0000000082d00000, 0x0000000082d00000, 0x0000000082e00000|  0%| F|  |TAMS 0x0000000082d00000, 0x0000000082d00000| Untracked 
|  24|0x0000000082e00000, 0x0000000082e00000, 0x0000000082f00000|  0%| F|  |TAMS 0x0000000082e00000, 0x0000000082e00000| Untracked 
|  25|0x0000000082f00000, 0x0000000082f00000, 0x0000000083000000|  0%| F|  |TAMS 0x0000000082f00000, 0x0000000082f00000| Untracked 
|  26|0x0000000083000000, 0x0000000083000000, 0x0000000083100000|  0%| F|  |TAMS 0x0000000083000000, 0x0000000083000000| Untracked 
|  27|0x0000000083100000, 0x0000000083100000, 0x0000000083200000|  0%| F|  |TAMS 0x0000000083100000, 0x0000000083100000| Untracked 
|  28|0x0000000083200000, 0x0000000083200000, 0x0000000083300000|  0%| F|  |TAMS 0x0000000083200000, 0x0000000083200000| Untracked 
|  29|0x0000000083300000, 0x0000000083300000, 0x0000000083400000|  0%| F|  |TAMS 0x0000000083300000, 0x0000000083300000| Untracked 
|  30|0x0000000083400000, 0x0000000083400000, 0x0000000083500000|  0%| F|  |TAMS 0x0000000083400000, 0x0000000083400000| Untracked 
|  31|0x0000000083500000, 0x0000000083500000, 0x0000000083600000|  0%| F|  |TAMS 0x0000000083500000, 0x0000000083500000| Untracked 
|  32|0x0000000083600000, 0x0000000083600000, 0x0000000083700000|  0%| F|  |TAMS 0x0000000083600000, 0x0000000083600000| Untracked 
|  33|0x0000000083700000, 0x0000000083700000, 0x0000000083800000|  0%| F|  |TAMS 0x0000000083700000, 0x0000000083700000| Untracked 
|  34|0x0000000083800000, 0x0000000083800000, 0x0000000083900000|  0%| F|  |TAMS 0x0000000083800000, 0x0000000083800000| Untracked 
|  35|0x0000000083900000, 0x0000000083900000, 0x0000000083a00000|  0%| F|  |TAMS 0x0000000083900000, 0x0000000083900000| Untracked 
|  36|0x0000000083a00000, 0x0000000083a00000, 0x0000000083b00000|  0%| F|  |TAMS 0x0000000083a00000, 0x0000000083a00000| Untracked 
|  37|0x0000000083b00000, 0x0000000083b00000, 0x0000000083c00000|  0%| F|  |TAMS 0x0000000083b00000, 0x0000000083b00000| Untracked 
|  38|0x0000000083c00000, 0x0000000083c00000, 0x0000000083d00000|  0%| F|  |TAMS 0x0000000083c00000, 0x0000000083c00000| Untracked 
|  39|0x0000000083d00000, 0x0000000083d00000, 0x0000000083e00000|  0%| F|  |TAMS 0x0000000083d00000, 0x0000000083d00000| Untracked 
|  40|0x0000000083e00000, 0x0000000083e00000, 0x0000000083f00000|  0%| F|  |TAMS 0x0000000083e00000, 0x0000000083e00000| Untracked 
|  41|0x0000000083f00000, 0x0000000083f00000, 0x0000000084000000|  0%| F|  |TAMS 0x0000000083f00000, 0x0000000083f00000| Untracked 
|  42|0x0000000084000000, 0x0000000084000000, 0x0000000084100000|  0%| F|  |TAMS 0x0000000084000000, 0x0000000084000000| Untracked 
|  43|0x0000000084100000, 0x0000000084100000, 0x0000000084200000|  0%| F|  |TAMS 0x0000000084100000, 0x0000000084100000| Untracked 
|  44|0x0000000084200000, 0x0000000084200000, 0x0000000084300000|  0%| F|  |TAMS 0x0000000084200000, 0x0000000084200000| Untracked 
|  45|0x0000000084300000, 0x0000000084300000, 0x0000000084400000|  0%| F|  |TAMS 0x0000000084300000, 0x0000000084300000| Untracked 
|  46|0x0000000084400000, 0x0000000084400000, 0x0000000084500000|  0%| F|  |TAMS 0x0000000084400000, 0x0000000084400000| Untracked 
|  47|0x0000000084500000, 0x0000000084600000, 0x0000000084600000|100%| S|CS|TAMS 0x0000000084500000, 0x0000000084500000| Complete 
|  48|0x0000000084600000, 0x0000000084700000, 0x0000000084700000|100%| S|CS|TAMS 0x0000000084600000, 0x0000000084600000| Complete 
|  49|0x0000000084700000, 0x0000000084800000, 0x0000000084800000|100%| S|CS|TAMS 0x0000000084700000, 0x0000000084700000| Complete 
|  50|0x0000000084800000, 0x0000000084900000, 0x0000000084900000|100%| S|CS|TAMS 0x0000000084800000, 0x0000000084800000| Complete 
|  51|0x0000000084900000, 0x0000000084a00000, 0x0000000084a00000|100%| S|CS|TAMS 0x0000000084900000, 0x0000000084900000| Complete 
|  52|0x0000000084a00000, 0x0000000084b00000, 0x0000000084b00000|100%| S|CS|TAMS 0x0000000084a00000, 0x0000000084a00000| Complete 
|  53|0x0000000084b00000, 0x0000000084c00000, 0x0000000084c00000|100%| S|CS|TAMS 0x0000000084b00000, 0x0000000084b00000| Complete 
|  54|0x0000000084c00000, 0x0000000084d00000, 0x0000000084d00000|100%| S|CS|TAMS 0x0000000084c00000, 0x0000000084c00000| Complete 
|  55|0x0000000084d00000, 0x0000000084e00000, 0x0000000084e00000|100%| S|CS|TAMS 0x0000000084d00000, 0x0000000084d00000| Complete 
|  56|0x0000000084e00000, 0x0000000084e00000, 0x0000000084f00000|  0%| F|  |TAMS 0x0000000084e00000, 0x0000000084e00000| Untracked 
|  57|0x0000000084f00000, 0x0000000084f00000, 0x0000000085000000|  0%| F|  |TAMS 0x0000000084f00000, 0x0000000084f00000| Untracked 
|  58|0x0000000085000000, 0x0000000085000000, 0x0000000085100000|  0%| F|  |TAMS 0x0000000085000000, 0x0000000085000000| Untracked 
|  59|0x0000000085100000, 0x0000000085100000, 0x0000000085200000|  0%| F|  |TAMS 0x0000000085100000, 0x0000000085100000| Untracked 
|  60|0x0000000085200000, 0x0000000085200000, 0x0000000085300000|  0%| F|  |TAMS 0x0000000085200000, 0x0000000085200000| Untracked 
|  61|0x0000000085300000, 0x0000000085300000, 0x0000000085400000|  0%| F|  |TAMS 0x0000000085300000, 0x0000000085300000| Untracked 
|  62|0x0000000085400000, 0x0000000085400000, 0x0000000085500000|  0%| F|  |TAMS 0x0000000085400000, 0x0000000085400000| Untracked 
|  63|0x0000000085500000, 0x0000000085500000, 0x0000000085600000|  0%| F|  |TAMS 0x0000000085500000, 0x0000000085500000| Untracked 
|  64|0x0000000085600000, 0x0000000085600000, 0x0000000085700000|  0%| F|  |TAMS 0x0000000085600000, 0x0000000085600000| Untracked 
|  65|0x0000000085700000, 0x0000000085700000, 0x0000000085800000|  0%| F|  |TAMS 0x0000000085700000, 0x0000000085700000| Untracked 
|  66|0x0000000085800000, 0x0000000085800000, 0x0000000085900000|  0%| F|  |TAMS 0x0000000085800000, 0x0000000085800000| Untracked 
|  67|0x0000000085900000, 0x0000000085900000, 0x0000000085a00000|  0%| F|  |TAMS 0x0000000085900000, 0x0000000085900000| Untracked 
|  68|0x0000000085a00000, 0x0000000085a00000, 0x0000000085b00000|  0%| F|  |TAMS 0x0000000085a00000, 0x0000000085a00000| Untracked 
|  69|0x0000000085b00000, 0x0000000085b00000, 0x0000000085c00000|  0%| F|  |TAMS 0x0000000085b00000, 0x0000000085b00000| Untracked 
|  70|0x0000000085c00000, 0x0000000085c00000, 0x0000000085d00000|  0%| F|  |TAMS 0x0000000085c00000, 0x0000000085c00000| Untracked 
|  71|0x0000000085d00000, 0x0000000085d00000, 0x0000000085e00000|  0%| F|  |TAMS 0x0000000085d00000, 0x0000000085d00000| Untracked 
|  72|0x0000000085e00000, 0x0000000085e00000, 0x0000000085f00000|  0%| F|  |TAMS 0x0000000085e00000, 0x0000000085e00000| Untracked 
|  73|0x0000000085f00000, 0x0000000085f00000, 0x0000000086000000|  0%| F|  |TAMS 0x0000000085f00000, 0x0000000085f00000| Untracked 
|  74|0x0000000086000000, 0x0000000086000000, 0x0000000086100000|  0%| F|  |TAMS 0x0000000086000000, 0x0000000086000000| Untracked 
|  75|0x0000000086100000, 0x0000000086100000, 0x0000000086200000|  0%| F|  |TAMS 0x0000000086100000, 0x0000000086100000| Untracked 
|  76|0x0000000086200000, 0x0000000086200000, 0x0000000086300000|  0%| F|  |TAMS 0x0000000086200000, 0x0000000086200000| Untracked 
|  77|0x0000000086300000, 0x0000000086300000, 0x0000000086400000|  0%| F|  |TAMS 0x0000000086300000, 0x0000000086300000| Untracked 
|  78|0x0000000086400000, 0x0000000086400000, 0x0000000086500000|  0%| F|  |TAMS 0x0000000086400000, 0x0000000086400000| Untracked 
|  79|0x0000000086500000, 0x0000000086500000, 0x0000000086600000|  0%| F|  |TAMS 0x0000000086500000, 0x0000000086500000| Untracked 
|  80|0x0000000086600000, 0x0000000086600000, 0x0000000086700000|  0%| F|  |TAMS 0x0000000086600000, 0x0000000086600000| Untracked 
|  81|0x0000000086700000, 0x0000000086700000, 0x0000000086800000|  0%| F|  |TAMS 0x0000000086700000, 0x0000000086700000| Untracked 
|  82|0x0000000086800000, 0x0000000086800000, 0x0000000086900000|  0%| F|  |TAMS 0x0000000086800000, 0x0000000086800000| Untracked 
|  83|0x0000000086900000, 0x0000000086900000, 0x0000000086a00000|  0%| F|  |TAMS 0x0000000086900000, 0x0000000086900000| Untracked 
|  84|0x0000000086a00000, 0x0000000086a00000, 0x0000000086b00000|  0%| F|  |TAMS 0x0000000086a00000, 0x0000000086a00000| Untracked 
|  85|0x0000000086b00000, 0x0000000086b00000, 0x0000000086c00000|  0%| F|  |TAMS 0x0000000086b00000, 0x0000000086b00000| Untracked 
|  86|0x0000000086c00000, 0x0000000086c00000, 0x0000000086d00000|  0%| F|  |TAMS 0x0000000086c00000, 0x0000000086c00000| Untracked 
|  87|0x0000000086d00000, 0x0000000086d00000, 0x0000000086e00000|  0%| F|  |TAMS 0x0000000086d00000, 0x0000000086d00000| Untracked 
|  88|0x0000000086e00000, 0x0000000086e00000, 0x0000000086f00000|  0%| F|  |TAMS 0x0000000086e00000, 0x0000000086e00000| Untracked 
|  89|0x0000000086f00000, 0x0000000086f00000, 0x0000000087000000|  0%| F|  |TAMS 0x0000000086f00000, 0x0000000086f00000| Untracked 
|  90|0x0000000087000000, 0x0000000087000000, 0x0000000087100000|  0%| F|  |TAMS 0x0000000087000000, 0x0000000087000000| Untracked 
|  91|0x0000000087100000, 0x0000000087100000, 0x0000000087200000|  0%| F|  |TAMS 0x0000000087100000, 0x0000000087100000| Untracked 
|  92|0x0000000087200000, 0x0000000087200000, 0x0000000087300000|  0%| F|  |TAMS 0x0000000087200000, 0x0000000087200000| Untracked 
|  93|0x0000000087300000, 0x0000000087300000, 0x0000000087400000|  0%| F|  |TAMS 0x0000000087300000, 0x0000000087300000| Untracked 
|  94|0x0000000087400000, 0x0000000087400000, 0x0000000087500000|  0%| F|  |TAMS 0x0000000087400000, 0x0000000087400000| Untracked 
|  95|0x0000000087500000, 0x0000000087500000, 0x0000000087600000|  0%| F|  |TAMS 0x0000000087500000, 0x0000000087500000| Untracked 
|  96|0x0000000087600000, 0x0000000087600000, 0x0000000087700000|  0%| F|  |TAMS 0x0000000087600000, 0x0000000087600000| Untracked 
|  97|0x0000000087700000, 0x0000000087700000, 0x0000000087800000|  0%| F|  |TAMS 0x0000000087700000, 0x0000000087700000| Untracked 
|  98|0x0000000087800000, 0x0000000087800000, 0x0000000087900000|  0%| F|  |TAMS 0x0000000087800000, 0x0000000087800000| Untracked 
|  99|0x0000000087900000, 0x0000000087900000, 0x0000000087a00000|  0%| F|  |TAMS 0x0000000087900000, 0x0000000087900000| Untracked 
| 100|0x0000000087a00000, 0x0000000087a00000, 0x0000000087b00000|  0%| F|  |TAMS 0x0000000087a00000, 0x0000000087a00000| Untracked 
| 101|0x0000000087b00000, 0x0000000087b00000, 0x0000000087c00000|  0%| F|  |TAMS 0x0000000087b00000, 0x0000000087b00000| Untracked 
| 102|0x0000000087c00000, 0x0000000087c00000, 0x0000000087d00000|  0%| F|  |TAMS 0x0000000087c00000, 0x0000000087c00000| Untracked 
| 103|0x0000000087d00000, 0x0000000087d00000, 0x0000000087e00000|  0%| F|  |TAMS 0x0000000087d00000, 0x0000000087d00000| Untracked 
| 104|0x0000000087e00000, 0x0000000087e00000, 0x0000000087f00000|  0%| F|  |TAMS 0x0000000087e00000, 0x0000000087e00000| Untracked 
| 105|0x0000000087f00000, 0x0000000087f00000, 0x0000000088000000|  0%| F|  |TAMS 0x0000000087f00000, 0x0000000087f00000| Untracked 
| 106|0x0000000088000000, 0x0000000088000000, 0x0000000088100000|  0%| F|  |TAMS 0x0000000088000000, 0x0000000088000000| Untracked 
| 107|0x0000000088100000, 0x0000000088100000, 0x0000000088200000|  0%| F|  |TAMS 0x0000000088100000, 0x0000000088100000| Untracked 
| 108|0x0000000088200000, 0x0000000088200000, 0x0000000088300000|  0%| F|  |TAMS 0x0000000088200000, 0x0000000088200000| Untracked 
| 109|0x0000000088300000, 0x0000000088300000, 0x0000000088400000|  0%| F|  |TAMS 0x0000000088300000, 0x0000000088300000| Untracked 
| 110|0x0000000088400000, 0x0000000088400000, 0x0000000088500000|  0%| F|  |TAMS 0x0000000088400000, 0x0000000088400000| Untracked 
| 111|0x0000000088500000, 0x0000000088583b60, 0x0000000088600000| 51%| E|  |TAMS 0x0000000088500000, 0x0000000088500000| Complete 
| 112|0x0000000088600000, 0x0000000088700000, 0x0000000088700000|100%| E|CS|TAMS 0x0000000088600000, 0x0000000088600000| Complete 
| 113|0x0000000088700000, 0x0000000088800000, 0x0000000088800000|100%| E|CS|TAMS 0x0000000088700000, 0x0000000088700000| Complete 
| 114|0x0000000088800000, 0x0000000088900000, 0x0000000088900000|100%| E|CS|TAMS 0x0000000088800000, 0x0000000088800000| Complete 
| 115|0x0000000088900000, 0x0000000088a00000, 0x0000000088a00000|100%| E|CS|TAMS 0x0000000088900000, 0x0000000088900000| Complete 
| 116|0x0000000088a00000, 0x0000000088b00000, 0x0000000088b00000|100%| E|CS|TAMS 0x0000000088a00000, 0x0000000088a00000| Complete 
| 117|0x0000000088b00000, 0x0000000088c00000, 0x0000000088c00000|100%| E|CS|TAMS 0x0000000088b00000, 0x0000000088b00000| Complete 
| 118|0x0000000088c00000, 0x0000000088d00000, 0x0000000088d00000|100%| E|CS|TAMS 0x0000000088c00000, 0x0000000088c00000| Complete 
| 119|0x0000000088d00000, 0x0000000088e00000, 0x0000000088e00000|100%| E|CS|TAMS 0x0000000088d00000, 0x0000000088d00000| Complete 
| 120|0x0000000088e00000, 0x0000000088f00000, 0x0000000088f00000|100%| E|CS|TAMS 0x0000000088e00000, 0x0000000088e00000| Complete 
| 121|0x0000000088f00000, 0x0000000089000000, 0x0000000089000000|100%| E|CS|TAMS 0x0000000088f00000, 0x0000000088f00000| Complete 
| 122|0x0000000089000000, 0x0000000089100000, 0x0000000089100000|100%| E|CS|TAMS 0x0000000089000000, 0x0000000089000000| Complete 
| 123|0x0000000089100000, 0x0000000089200000, 0x0000000089200000|100%| E|CS|TAMS 0x0000000089100000, 0x0000000089100000| Complete 
| 124|0x0000000089200000, 0x0000000089300000, 0x0000000089300000|100%| E|CS|TAMS 0x0000000089200000, 0x0000000089200000| Complete 
| 125|0x0000000089300000, 0x0000000089400000, 0x0000000089400000|100%| E|CS|TAMS 0x0000000089300000, 0x0000000089300000| Complete 
| 126|0x0000000089400000, 0x0000000089500000, 0x0000000089500000|100%| E|CS|TAMS 0x0000000089400000, 0x0000000089400000| Complete 
| 127|0x0000000089500000, 0x0000000089600000, 0x0000000089600000|100%| E|CS|TAMS 0x0000000089500000, 0x0000000089500000| Complete 

Card table byte_map: [0x0000028a2d0c0000,0x0000028a2d4c0000] _byte_map_base: 0x0000028a2ccb5000

Marking Bits (Prev, Next): (CMBitMap*) 0x0000028a14f5b200, (CMBitMap*) 0x0000028a14f5b1c8
 Prev Bits: [0x0000028a2f870000, 0x0000028a31818000)
 Next Bits: [0x0000028a2d8c0000, 0x0000028a2f868000)

Polling page: 0x0000028a135f0000

Metaspace:

Usage:
  Non-class:     26.20 MB capacity,    25.85 MB ( 99%) used,   315.15 KB (  1%) free+waste,    42.75 KB ( <1%) overhead. 
      Class:      3.26 MB capacity,     3.08 MB ( 95%) used,   163.75 KB (  5%) free+waste,    17.88 KB ( <1%) overhead. 
       Both:     29.45 MB capacity,    28.93 MB ( 98%) used,   478.90 KB (  2%) free+waste,    60.63 KB ( <1%) overhead. 

Virtual space:
  Non-class space:       28.00 MB reserved,      26.25 MB ( 94%) committed 
      Class space:        1.00 GB reserved,       3.38 MB ( <1%) committed 
             Both:        1.03 GB reserved,      29.63 MB (  3%) committed 

Chunk freelists:
   Non-Class:  54.00 KB
       Class:  26.00 KB
        Both:  80.00 KB

MaxMetaspaceSize: 17179869184.00 GB
CompressedClassSpaceSize: 1.00 GB
Initial GC threshold: 20.80 MB
Current GC threshold: 35.00 MB
CDS: off

CodeHeap 'non-profiled nmethods': size=120064Kb used=1878Kb max_used=1878Kb free=118185Kb
 bounds [0x0000028a25160000, 0x0000028a253d0000, 0x0000028a2c6a0000]
CodeHeap 'profiled nmethods': size=120000Kb used=8226Kb max_used=8226Kb free=111773Kb
 bounds [0x0000028a1dc30000, 0x0000028a1e440000, 0x0000028a25160000]
CodeHeap 'non-nmethods': size=5696Kb used=1179Kb max_used=1207Kb free=4517Kb
 bounds [0x0000028a1d6a0000, 0x0000028a1d910000, 0x0000028a1dc30000]
 total_blobs=4275 nmethods=3828 adapters=359
 compilation: enabled
              stopped_count=0, restarted_count=0
 full_count=0

Compilation events (20 events):
Event: 3.663 Thread 0x0000028a33ea1800 nmethod 3815 0x0000028a1e42b190 code [0x0000028a1e42b3a0, 0x0000028a1e42b908]
Event: 3.663 Thread 0x0000028a33ea1800 3816   !   3       java.io.File::toPath (54 bytes)
Event: 3.663 Thread 0x0000028a33ea1800 nmethod 3816 0x0000028a1e42ba90 code [0x0000028a1e42bca0, 0x0000028a1e42c3e8]
Event: 3.666 Thread 0x0000028a33ea1800 3817       3       java.util.WeakHashMap::keySet (25 bytes)
Event: 3.666 Thread 0x0000028a33ea1800 nmethod 3817 0x0000028a1e42c610 code [0x0000028a1e42c7e0, 0x0000028a1e42cbb8]
Event: 3.666 Thread 0x0000028a33ea1800 3818       3       java.nio.file.Files::readAttributes (11 bytes)
Event: 3.666 Thread 0x0000028a33ea1800 nmethod 3818 0x0000028a1e42cd10 code [0x0000028a1e42cf00, 0x0000028a1e42d2a8]
Event: 3.667 Thread 0x0000028a33ea1800 3819       3       java.util.jar.JarFile::<init> (95 bytes)
Event: 3.668 Thread 0x0000028a33ea1800 nmethod 3819 0x0000028a1e42d410 code [0x0000028a1e42d700, 0x0000028a1e42e7a8]
Event: 3.668 Thread 0x0000028a33ea1800 3820       3       java.util.zip.ZipCoder::get (20 bytes)
Event: 3.668 Thread 0x0000028a33ea1800 nmethod 3820 0x0000028a1e42ed10 code [0x0000028a1e42eee0, 0x0000028a1e42f198]
Event: 3.668 Thread 0x0000028a33ea1800 3821       3       java.util.zip.ZipFile$CleanableResource::get (70 bytes)
Event: 3.668 Thread 0x0000028a33ea1800 nmethod 3821 0x0000028a1e42f290 code [0x0000028a1e42f4c0, 0x0000028a1e42fb88]
Event: 3.668 Thread 0x0000028a33ea1800 3822   !   3       java.util.zip.ZipFile$Source::get (179 bytes)
Event: 3.670 Thread 0x0000028a33ea1800 nmethod 3822 0x0000028a1e42fe10 code [0x0000028a1e430180, 0x0000028a1e431948]
Event: 3.673 Thread 0x0000028a33ea1800 3823       3       jdk.internal.perf.PerfCounter::getZipFileOpenTime (4 bytes)
Event: 3.673 Thread 0x0000028a33ea1800 nmethod 3823 0x0000028a1e432310 code [0x0000028a1e4324c0, 0x0000028a1e4325b8]
Event: 3.673 Thread 0x0000028a33ea1800 3824       3       jdk.internal.perf.PerfCounter::getZipFileCount (4 bytes)
Event: 3.673 Thread 0x0000028a33ea1800 nmethod 3824 0x0000028a1e432610 code [0x0000028a1e4327c0, 0x0000028a1e4328b8]
Event: 3.674 Thread 0x0000028a33ea1800 3825       3       java.io.InputStream::readNBytes (53 bytes)

GC Heap History (10 events):
Event: 0.675 GC heap before
{Heap before GC invocations=0 (full 0):
 garbage-first heap   total 131072K, used 13312K [0x0000000081600000, 0x0000000100000000)
  region size 1024K, 14 young (14336K), 0 survivors (0K)
 Metaspace       used 11503K, capacity 11793K, committed 12032K, reserved 1060864K
  class space    used 1071K, capacity 1167K, committed 1280K, reserved 1048576K
}
Event: 0.679 GC heap after
{Heap after GC invocations=1 (full 0):
 garbage-first heap   total 131072K, used 3165K [0x0000000081600000, 0x0000000100000000)
  region size 1024K, 2 young (2048K), 2 survivors (2048K)
 Metaspace       used 11503K, capacity 11793K, committed 12032K, reserved 1060864K
  class space    used 1071K, capacity 1167K, committed 1280K, reserved 1048576K
}
Event: 0.756 GC heap before
{Heap before GC invocations=1 (full 0):
 garbage-first heap   total 131072K, used 7261K [0x0000000081600000, 0x0000000100000000)
  region size 1024K, 6 young (6144K), 2 survivors (2048K)
 Metaspace       used 12387K, capacity 12625K, committed 12928K, reserved 1060864K
  class space    used 1197K, capacity 1295K, committed 1408K, reserved 1048576K
}
Event: 0.759 GC heap after
{Heap after GC invocations=2 (full 0):
 garbage-first heap   total 131072K, used 3433K [0x0000000081600000, 0x0000000100000000)
  region size 1024K, 1 young (1024K), 1 survivors (1024K)
 Metaspace       used 12387K, capacity 12625K, committed 12928K, reserved 1060864K
  class space    used 1197K, capacity 1295K, committed 1408K, reserved 1048576K
}
Event: 1.188 GC heap before
{Heap before GC invocations=2 (full 0):
 garbage-first heap   total 131072K, used 28009K [0x0000000081600000, 0x0000000100000000)
  region size 1024K, 25 young (25600K), 1 survivors (1024K)
 Metaspace       used 15228K, capacity 15504K, committed 15744K, reserved 1062912K
  class space    used 1529K, capacity 1630K, committed 1664K, reserved 1048576K
}
Event: 1.190 GC heap after
{Heap after GC invocations=3 (full 0):
 garbage-first heap   total 131072K, used 4490K [0x0000000081600000, 0x0000000100000000)
  region size 1024K, 2 young (2048K), 2 survivors (2048K)
 Metaspace       used 15228K, capacity 15504K, committed 15744K, reserved 1062912K
  class space    used 1529K, capacity 1630K, committed 1664K, reserved 1048576K
}
Event: 2.041 GC heap before
{Heap before GC invocations=3 (full 0):
 garbage-first heap   total 131072K, used 43402K [0x0000000081600000, 0x0000000100000000)
  region size 1024K, 41 young (41984K), 2 survivors (2048K)
 Metaspace       used 20874K, capacity 21187K, committed 21248K, reserved 1069056K
  class space    used 2196K, capacity 2295K, committed 2304K, reserved 1048576K
}
Event: 2.053 GC heap after
{Heap after GC invocations=4 (full 0):
 garbage-first heap   total 131072K, used 8326K [0x0000000081600000, 0x0000000100000000)
  region size 1024K, 5 young (5120K), 5 survivors (5120K)
 Metaspace       used 20874K, capacity 21187K, committed 21248K, reserved 1069056K
  class space    used 2196K, capacity 2295K, committed 2304K, reserved 1048576K
}
Event: 3.166 GC heap before
{Heap before GC invocations=5 (full 0):
 garbage-first heap   total 131072K, used 76934K [0x0000000081600000, 0x0000000100000000)
  region size 1024K, 72 young (73728K), 5 survivors (5120K)
 Metaspace       used 22780K, capacity 23196K, committed 23296K, reserved 1071104K
  class space    used 2334K, capacity 2473K, committed 2560K, reserved 1048576K
}
Event: 3.179 GC heap after
{Heap after GC invocations=6 (full 0):
 garbage-first heap   total 131072K, used 13490K [0x0000000081600000, 0x0000000100000000)
  region size 1024K, 9 young (9216K), 9 survivors (9216K)
 Metaspace       used 22780K, capacity 23196K, committed 23296K, reserved 1071104K
  class space    used 2334K, capacity 2473K, committed 2560K, reserved 1048576K
}

Deoptimization events (20 events):
Event: 3.497 Thread 0x0000028a14f1b000 Uncommon trap: trap_request=0xffffffbe fr.pc=0x0000028a2532d3ec relative=0x0000000000000aec
Event: 3.497 Thread 0x0000028a14f1b000 Uncommon trap: reason=profile_predicate action=maybe_recompile pc=0x0000028a2532d3ec method=jdk.internal.jimage.ImageStringsReader.charsFromByteBuffer([CLjava/nio/ByteBuffer;)V @ 6 c2
Event: 3.497 Thread 0x0000028a14f1b000 DEOPT PACKING pc=0x0000028a2532d3ec sp=0x000000bd981fa200
Event: 3.497 Thread 0x0000028a14f1b000 DEOPT UNPACKING pc=0x0000028a1d6ea1a9 sp=0x000000bd981fa0d8 mode 2
Event: 3.497 Thread 0x0000028a14f1b000 Uncommon trap: trap_request=0xffffffbe fr.pc=0x0000028a2532d3ec relative=0x0000000000000aec
Event: 3.497 Thread 0x0000028a14f1b000 Uncommon trap: reason=profile_predicate action=maybe_recompile pc=0x0000028a2532d3ec method=jdk.internal.jimage.ImageStringsReader.charsFromByteBuffer([CLjava/nio/ByteBuffer;)V @ 6 c2
Event: 3.497 Thread 0x0000028a14f1b000 DEOPT PACKING pc=0x0000028a2532d3ec sp=0x000000bd981fa200
Event: 3.497 Thread 0x0000028a14f1b000 DEOPT UNPACKING pc=0x0000028a1d6ea1a9 sp=0x000000bd981fa0d8 mode 2
Event: 3.497 Thread 0x0000028a14f1b000 Uncommon trap: trap_request=0xffffffbe fr.pc=0x0000028a2532d3ec relative=0x0000000000000aec
Event: 3.497 Thread 0x0000028a14f1b000 Uncommon trap: reason=profile_predicate action=maybe_recompile pc=0x0000028a2532d3ec method=jdk.internal.jimage.ImageStringsReader.charsFromByteBuffer([CLjava/nio/ByteBuffer;)V @ 6 c2
Event: 3.497 Thread 0x0000028a14f1b000 DEOPT PACKING pc=0x0000028a2532d3ec sp=0x000000bd981fa200
Event: 3.497 Thread 0x0000028a14f1b000 DEOPT UNPACKING pc=0x0000028a1d6ea1a9 sp=0x000000bd981fa0d8 mode 2
Event: 3.592 Thread 0x0000028a14f1b000 Uncommon trap: trap_request=0xffffffcc fr.pc=0x0000028a25328c48 relative=0x00000000000010a8
Event: 3.592 Thread 0x0000028a14f1b000 Uncommon trap: reason=intrinsic_or_type_checked_inlining action=make_not_entrant pc=0x0000028a25328c48 method=java.util.ArrayList.toArray([Ljava/lang/Object;)[Ljava/lang/Object; @ 36 c2
Event: 3.592 Thread 0x0000028a14f1b000 DEOPT PACKING pc=0x0000028a25328c48 sp=0x000000bd981fd040
Event: 3.592 Thread 0x0000028a14f1b000 DEOPT UNPACKING pc=0x0000028a1d6ea1a9 sp=0x000000bd981fcf98 mode 2
Event: 3.654 Thread 0x0000028a14f1b000 Uncommon trap: trap_request=0xffffffde fr.pc=0x0000028a2519d0d8 relative=0x00000000000009f8
Event: 3.655 Thread 0x0000028a14f1b000 Uncommon trap: reason=class_check action=maybe_recompile pc=0x0000028a2519d0d8 method=jdk.internal.loader.URLClassPath.getLoader(I)Ljdk/internal/loader/URLClassPath$Loader; @ 88 c2
Event: 3.655 Thread 0x0000028a14f1b000 DEOPT PACKING pc=0x0000028a2519d0d8 sp=0x000000bd981fb4f0
Event: 3.655 Thread 0x0000028a14f1b000 DEOPT UNPACKING pc=0x0000028a1d6ea1a9 sp=0x000000bd981fb4d0 mode 2

Classes redefined (0 events):
No events

Internal exceptions (20 events):
Event: 0.398 Thread 0x0000028a14f1b000 Exception <a 'java/lang/NoSuchMethodError'{0x0000000088f125c8}: 'java.lang.Object java.lang.invoke.DirectMethodHandle$Holder.invokeStaticInit(java.lang.Object, java.lang.Object, int, int, int, int)'> (0x0000000088f125c8) thrown at [s\src\hotspot\share\interpreter\linkResolver.cpp, line 773]
Event: 1.592 Thread 0x0000028a14f1b000 Exception <a 'java/lang/NoClassDefFoundError'{0x00000000880a0a68}: com/google/inject/servlet/ServletModuleTargetVisitor> (0x00000000880a0a68) thrown at [s\src\hotspot\share\classfile\systemDictionary.cpp, line 219]
Event: 1.592 Thread 0x0000028a14f1b000 Exception <a 'java/lang/NoClassDefFoundError'{0x00000000880a0a68}> (0x00000000880a0a68) thrown at [s\src\hotspot\share\prims\jvm.cpp, line 1310]
Event: 1.592 Thread 0x0000028a14f1b000 Exception <a 'java/lang/NoClassDefFoundError'{0x00000000880a3b90}: javax/annotation/Priority> (0x00000000880a3b90) thrown at [s\src\hotspot\share\classfile\systemDictionary.cpp, line 219]
Event: 1.958 Thread 0x0000028a14f1b000 Implicit null exception at 0x0000028a25187e74 to 0x0000028a25188348
Event: 1.958 Thread 0x0000028a14f1b000 Implicit null exception at 0x0000028a25198df4 to 0x0000028a251992ac
Event: 2.713 Thread 0x0000028a14f1b000 Implicit null exception at 0x0000028a252013f5 to 0x0000028a252015a4
Event: 2.714 Thread 0x0000028a14f1b000 Implicit null exception at 0x0000028a251f922f to 0x0000028a251f929d
Event: 3.363 Thread 0x0000028a14f1b000 Exception <a 'sun/nio/fs/WindowsException'{0x0000000088d99a78}> (0x0000000088d99a78) thrown at [s\src\hotspot\share\prims\jni.cpp, line 617]
Event: 3.423 Thread 0x0000028a14f1b000 Exception <a 'sun/nio/fs/WindowsException'{0x0000000088a279c8}> (0x0000000088a279c8) thrown at [s\src\hotspot\share\prims\jni.cpp, line 617]
Event: 3.424 Thread 0x0000028a14f1b000 Exception <a 'sun/nio/fs/WindowsException'{0x0000000088a2a7e0}> (0x0000000088a2a7e0) thrown at [s\src\hotspot\share\prims\jni.cpp, line 617]
Event: 3.427 Thread 0x0000028a14f1b000 Exception <a 'sun/nio/fs/WindowsException'{0x0000000088a2c770}> (0x0000000088a2c770) thrown at [s\src\hotspot\share\prims\jni.cpp, line 617]
Event: 3.436 Thread 0x0000028a14f1b000 Exception <a 'sun/nio/fs/WindowsException'{0x0000000088a5d6e8}> (0x0000000088a5d6e8) thrown at [s\src\hotspot\share\prims\jni.cpp, line 617]
Event: 3.436 Thread 0x0000028a14f1b000 Exception <a 'sun/nio/fs/WindowsException'{0x0000000088a5da18}> (0x0000000088a5da18) thrown at [s\src\hotspot\share\prims\jni.cpp, line 617]
Event: 3.437 Thread 0x0000028a14f1b000 Exception <a 'java/lang/NoSuchMethodError'{0x0000000088a65748}: 'int java.lang.invoke.DirectMethodHandle$Holder.invokeVirtual(java.lang.Object, java.lang.Object, java.lang.Object)'> (0x0000000088a65748) thrown at [s\src\hotspot\share\interpreter\linkResolver.cpp, line 773]
Event: 3.500 Thread 0x0000028a14f1b000 Exception <a 'java/lang/NoSuchMethodError'{0x000000008899bce0}: 'int java.lang.invoke.DirectMethodHandle$Holder.invokeStaticInit(java.lang.Object, java.lang.Object)'> (0x000000008899bce0) thrown at [s\src\hotspot\share\interpreter\linkResolver.cpp, line 773]
Event: 3.573 Thread 0x0000028a14f1b000 Exception <a 'java/lang/NoSuchMethodError'{0x0000000088864e88}: 'int java.lang.invoke.DirectMethodHandle$Holder.invokeVirtual(java.lang.Object, java.lang.Object)'> (0x0000000088864e88) thrown at [s\src\hotspot\share\interpreter\linkResolver.cpp, line 773]
Event: 3.580 Thread 0x0000028a14f1b000 Exception <a 'java/lang/NoSuchMethodError'{0x00000000888937b0}: 'java.lang.Object java.lang.invoke.Invokers$Holder.linkToTargetMethod(java.lang.Object, java.lang.Object, java.lang.Object, java.lang.Object, java.lang.Object, java.lang.Object)'> (0x00000000888937b0) thrown at [s\src\hotspot\share\interpreter\linkResolver.cpp, line 773]
Event: 3.592 Thread 0x0000028a14f1b000 Exception <a 'sun/nio/fs/WindowsException'{0x00000000888bc488}> (0x00000000888bc488) thrown at [s\src\hotspot\share\prims\jni.cpp, line 617]
Event: 3.592 Thread 0x0000028a14f1b000 Exception <a 'sun/nio/fs/WindowsException'{0x00000000888bc6f0}> (0x00000000888bc6f0) thrown at [s\src\hotspot\share\prims\jni.cpp, line 617]

Events (20 events):
Event: 3.595 loading class jdk/internal/jrtfs/SystemImage$1
Event: 3.595 loading class jdk/internal/jrtfs/SystemImage$1 done
Event: 3.630 loading class javax/tools/JavaFileObject
Event: 3.630 loading class javax/tools/JavaFileObject done
Event: 3.630 loading class javax/tools/JavaFileObject
Event: 3.630 loading class javax/tools/JavaFileObject done
Event: 3.630 loading class sun/invoke/util/VerifyAccess$1
Event: 3.630 loading class sun/invoke/util/VerifyAccess$1 done
Event: 3.630 loading class com/sun/tools/javac/main/JavaCompiler
Event: 3.630 loading class com/sun/tools/javac/main/JavaCompiler done
Event: 3.631 loading class javax/tools/JavaFileObject
Event: 3.631 loading class javax/tools/JavaFileObject done
Event: 3.631 loading class com/sun/tools/javac/main/JavaCompiler
Event: 3.631 loading class com/sun/tools/javac/main/JavaCompiler done
Event: 3.640 loading class java/util/regex/Pattern$GroupCurly
Event: 3.640 loading class java/util/regex/Pattern$GroupCurly done
Event: 3.651 loading class java/lang/UnsupportedClassVersionError
Event: 3.651 loading class java/lang/UnsupportedClassVersionError done
Event: 3.654 Executing VM operation: RevokeBias
Event: 3.655 Executing VM operation: RevokeBias done


Dynamic libraries:
0x00007ff6533c0000 - 0x00007ff6533cd000 	C:\Users\admin\.jdks\corretto-11.0.19\bin\java.exe
0x00007ff9e1590000 - 0x00007ff9e1788000 	C:\Windows\SYSTEM32\ntdll.dll
0x00007ff9e0700000 - 0x00007ff9e07bf000 	C:\Windows\System32\KERNEL32.DLL
0x00007ff9dee80000 - 0x00007ff9df176000 	C:\Windows\System32\KERNELBASE.dll
0x00007ff9df1b0000 - 0x00007ff9df2b0000 	C:\Windows\System32\ucrtbase.dll
0x00007ff9c0920000 - 0x00007ff9c0937000 	C:\Users\admin\.jdks\corretto-11.0.19\bin\jli.dll
0x00007ff9c04d0000 - 0x00007ff9c04e9000 	C:\Users\admin\.jdks\corretto-11.0.19\bin\VCRUNTIME140.dll
0x00007ff9dfc10000 - 0x00007ff9dfdad000 	C:\Windows\System32\USER32.dll
0x00007ff9df2b0000 - 0x00007ff9df2d2000 	C:\Windows\System32\win32u.dll
0x00007ff9e0400000 - 0x00007ff9e042c000 	C:\Windows\System32\GDI32.dll
0x00007ff9c2e90000 - 0x00007ff9c312a000 	C:\Windows\WinSxS\amd64_microsoft.windows.common-controls_6595b64144ccf1df_6.0.19041.1110_none_60b5254171f9507e\COMCTL32.dll
0x00007ff9e13a0000 - 0x00007ff9e143e000 	C:\Windows\System32\msvcrt.dll
0x00007ff9dec70000 - 0x00007ff9ded85000 	C:\Windows\System32\gdi32full.dll
0x00007ff9ded90000 - 0x00007ff9dee2d000 	C:\Windows\System32\msvcp_win.dll
0x00007ff9e04e0000 - 0x00007ff9e0510000 	C:\Windows\System32\IMM32.DLL
0x00007ff9b0d90000 - 0x00007ff9b0e2b000 	C:\Users\admin\.jdks\corretto-11.0.19\bin\msvcp140.dll
0x00007ff97b030000 - 0x00007ff97bbba000 	C:\Users\admin\.jdks\corretto-11.0.19\bin\server\jvm.dll
0x00007ff9e0350000 - 0x00007ff9e03ff000 	C:\Windows\System32\ADVAPI32.dll
0x00007ff9e14a0000 - 0x00007ff9e153c000 	C:\Windows\System32\sechost.dll
0x00007ff9dfdb0000 - 0x00007ff9dfed6000 	C:\Windows\System32\RPCRT4.dll
0x00007ff9e1540000 - 0x00007ff9e1548000 	C:\Windows\System32\PSAPI.DLL
0x00007ff9cdf00000 - 0x00007ff9cdf09000 	C:\Windows\SYSTEM32\WSOCK32.dll
0x00007ff9e0570000 - 0x00007ff9e05db000 	C:\Windows\System32\WS2_32.dll
0x00007ff9c2760000 - 0x00007ff9c2787000 	C:\Windows\SYSTEM32\WINMM.dll
0x00007ff9d7c30000 - 0x00007ff9d7c3a000 	C:\Windows\SYSTEM32\VERSION.dll
0x00007ff9dcb40000 - 0x00007ff9dcb52000 	C:\Windows\SYSTEM32\kernel.appcore.dll
0x00007ff9c4130000 - 0x00007ff9c4140000 	C:\Users\admin\.jdks\corretto-11.0.19\bin\verify.dll
0x00007ff9d62f0000 - 0x00007ff9d64d4000 	C:\Windows\SYSTEM32\DBGHELP.DLL
0x00007ff9cb250000 - 0x00007ff9cb284000 	C:\Windows\SYSTEM32\dbgcore.DLL
0x00007ff9df2e0000 - 0x00007ff9df362000 	C:\Windows\System32\bcryptPrimitives.dll
0x00007ff9b9840000 - 0x00007ff9b9868000 	C:\Users\admin\.jdks\corretto-11.0.19\bin\java.dll
0x00007ff9c4100000 - 0x00007ff9c410a000 	C:\Users\admin\.jdks\corretto-11.0.19\bin\jimage.dll
0x00007ff9dc270000 - 0x00007ff9dc27e000 	C:\Users\admin\.jdks\corretto-11.0.19\bin\instrument.dll
0x00007ff9bd6d0000 - 0x00007ff9bd6e8000 	C:\Users\admin\.jdks\corretto-11.0.19\bin\zip.dll
0x00007ff9e07c0000 - 0x00007ff9e0f04000 	C:\Windows\System32\SHELL32.dll
0x00007ff9dcd40000 - 0x00007ff9dd4d4000 	C:\Windows\SYSTEM32\windows.storage.dll
0x00007ff9df5f0000 - 0x00007ff9df944000 	C:\Windows\System32\combase.dll
0x00007ff9de6b0000 - 0x00007ff9de6de000 	C:\Windows\SYSTEM32\Wldp.dll
0x00007ff9e0430000 - 0x00007ff9e04dd000 	C:\Windows\System32\SHCORE.dll
0x00007ff9df960000 - 0x00007ff9df9b5000 	C:\Windows\System32\shlwapi.dll
0x00007ff9deba0000 - 0x00007ff9debc5000 	C:\Windows\SYSTEM32\profapi.dll
0x00007ff9bc020000 - 0x00007ff9bc039000 	C:\Users\admin\.jdks\corretto-11.0.19\bin\net.dll
0x00007ff9d7c90000 - 0x00007ff9d7d9a000 	C:\Windows\SYSTEM32\WINHTTP.dll
0x00007ff9de410000 - 0x00007ff9de47a000 	C:\Windows\system32\mswsock.dll
0x00007ff9bbf30000 - 0x00007ff9bbf43000 	C:\Users\admin\.jdks\corretto-11.0.19\bin\nio.dll
0x00007ff9ca430000 - 0x00007ff9ca44a000 	C:\Program Files\JetBrains\IntelliJ IDEA Community Edition 2023.1.3\bin\breakgen64.dll
0x00007ff9de600000 - 0x00007ff9de618000 	C:\Windows\SYSTEM32\CRYPTSP.dll
0x00007ff9ddcc0000 - 0x00007ff9ddcf4000 	C:\Windows\system32\rsaenh.dll
0x00007ff9df180000 - 0x00007ff9df1a7000 	C:\Windows\System32\bcrypt.dll
0x00007ff9deb60000 - 0x00007ff9deb8e000 	C:\Windows\SYSTEM32\USERENV.dll
0x00007ff9de620000 - 0x00007ff9de62c000 	C:\Windows\SYSTEM32\CRYPTBASE.dll
0x00007ff9de0b0000 - 0x00007ff9de0ec000 	C:\Windows\SYSTEM32\IPHLPAPI.DLL
0x00007ff9df950000 - 0x00007ff9df958000 	C:\Windows\System32\NSI.dll
0x00007ff9d8a10000 - 0x00007ff9d8a27000 	C:\Windows\SYSTEM32\dhcpcsvc6.DLL
0x00007ff9d89f0000 - 0x00007ff9d8a0d000 	C:\Windows\SYSTEM32\dhcpcsvc.DLL
0x00007ff9de100000 - 0x00007ff9de1ca000 	C:\Windows\SYSTEM32\DNSAPI.dll
0x00007ff9cf200000 - 0x00007ff9cf20a000 	C:\Users\admin\AppData\Local\Temp\jansi-1.17.1-239103087835271116.dll

dbghelp: loaded successfully - version: 4.0.5 - missing functions: none
symbol engine: initialized successfully - sym options: 0x614 - pdb path: .;C:\Users\admin\.jdks\corretto-11.0.19\bin;C:\Windows\SYSTEM32;C:\Windows\WinSxS\amd64_microsoft.windows.common-controls_6595b64144ccf1df_6.0.19041.1110_none_60b5254171f9507e;C:\Users\admin\.jdks\corretto-11.0.19\bin\server;C:\Program Files\JetBrains\IntelliJ IDEA Community Edition 2023.1.3\bin;C:\Users\admin\AppData\Local\Temp

VM Arguments:
jvm_args: -Dmaven.multiModuleProjectDirectory=C:\Users\admin\dev\java-explore-with-me -Djansi.passthrough=true -Dmaven.home=C:\Program Files\JetBrains\IntelliJ IDEA Community Edition 2023.1.3\plugins\maven\lib\maven3 -Dclassworlds.conf=C:\Program Files\JetBrains\IntelliJ IDEA Community Edition 2023.1.3\plugins\maven\lib\maven3\bin\m2.conf -Dmaven.ext.class.path=C:\Program Files\JetBrains\IntelliJ IDEA Community Edition 2023.1.3\plugins\maven\lib\maven-event-listener.jar -javaagent:C:\Program Files\JetBrains\IntelliJ IDEA Community Edition 2023.1.3\lib\idea_rt.jar=55565:C:\Program Files\JetBrains\IntelliJ IDEA Community Edition 2023.1.3\bin -Dfile.encoding=UTF-8 
java_command: org.codehaus.classworlds.Launcher -Didea.version=2023.1.3 --offline package
java_class_path (initial): C:\Program Files\JetBrains\IntelliJ IDEA Community Edition 2023.1.3\plugins\maven\lib\maven3\boot\plexus-classworlds-2.6.0.jar;C:\Program Files\JetBrains\IntelliJ IDEA Community Edition 2023.1.3\plugins\maven\lib\maven3\boot\plexus-classworlds.license
Launcher Type: SUN_STANDARD

[Global flags]
     intx CICompilerCount                          = 3                                         {product} {ergonomic}
     uint ConcGCThreads                            = 1                                         {product} {ergonomic}
     uint G1ConcRefinementThreads                  = 4                                         {product} {ergonomic}
   size_t G1HeapRegionSize                         = 1048576                                   {product} {ergonomic}
    uintx GCDrainStackTargetSize                   = 64                                        {product} {ergonomic}
   size_t InitialHeapSize                          = 134217728                                 {product} {ergonomic}
   size_t MarkStackSize                            = 4194304                                   {product} {ergonomic}
   size_t MaxHeapSize                              = 2124414976                                {product} {ergonomic}
   size_t MaxNewSize                               = 1274019840                                {product} {ergonomic}
   size_t MinHeapDeltaBytes                        = 1048576                                   {product} {ergonomic}
    uintx NonNMethodCodeHeapSize                   = 5830732                                {pd product} {ergonomic}
    uintx NonProfiledCodeHeapSize                  = 122913754                              {pd product} {ergonomic}
    uintx ProfiledCodeHeapSize                     = 122913754                              {pd product} {ergonomic}
    uintx ReservedCodeCacheSize                    = 251658240                              {pd product} {ergonomic}
     bool SegmentedCodeCache                       = true                                      {product} {ergonomic}
     bool UseCompressedClassPointers               = true                                 {lp64_product} {ergonomic}
     bool UseCompressedOops                        = true                                 {lp64_product} {ergonomic}
     bool UseG1GC                                  = true                                      {product} {ergonomic}
     bool UseLargePagesIndividualAllocation        = false                                  {pd product} {ergonomic}

Logging:
Log output configuration:
 #0: stdout all=warning uptime,level,tags
 #1: stderr all=off uptime,level,tags

Environment Variables:
PATH=C:\Windows\system32;C:\Windows;C:\Windows\System32\Wbem;C:\Windows\System32\WindowsPowerShell\v1.0\;C:\Windows\System32\OpenSSH\;C:\Program Files\Docker\Docker\resources\bin;C:\Program Files\Git\cmd;C:\Program Files (x86)\NVIDIA Corporation\PhysX\Common;C:\Users\admin\AppData\Local\Microsoft\WindowsApps;
USERNAME=admin
OS=Windows_NT
PROCESSOR_IDENTIFIER=Intel64 Family 6 Model 165 Stepping 3, GenuineIntel
TMP=C:\Users\admin\AppData\Local\Temp
TEMP=C:\Users\admin\AppData\Local\Temp



---------------  S Y S T E M  ---------------

OS: Windows 10 , 64 bit Build 19041 (10.0.19041.3155)
OS uptime: 13 days 19:48 hours
Hyper-V role detected

CPU:total 4 (initial active 4) (2 cores per cpu, 2 threads per core) family 6 model 165 stepping 3 microcode 0xf0, cmov, cx8, fxsr, mmx, sse, sse2, sse3, ssse3, sse4.1, sse4.2, popcnt, aes, clmul, erms, 3dnowpref, lzcnt, ht, tsc, tscinvbit

Memory: 4k page, system-wide physical 8100M (654M free)
TotalPageFile size 18100M (AvailPageFile size 5M)
current process WorkingSet (physical memory assigned to process): 203M, peak: 203M
current process commit charge ("private bytes"): 272M, peak: 272M

vm_info: OpenJDK 64-Bit Server VM (11.0.19+7-LTS) for windows-amd64 JRE (11.0.19+7-LTS), built on Apr 13 2023 22:56:25 by "Administrator" with MS VC++ 15.9 (VS2017)

END.
